
*** WARNING: please read the section on OpenMPI performance at
http://www.nsc.liu.se/systems/triolith/#mpi before using OpenMPI on Triolith! ***

This module was built with the Intel compilers version 12.1.4 and will most
likely work only with Intel compilers. To be reasonably certain this OpenMPI
version works with the software you build, please also use the compilers of
version 12.1.4.

INFO: This is SUPERSMART release v0.1.34
INFO: Going to read backbone tree ./consensus.nex
INFO: Detecting format of tree ./consensus.nex
INFO: Checking if file is in figtree format
INFO: Read tree in figtree format
INFO: Going to read taxa mapping ./species.tsv
INFO: Possible clade containing 3 species
INFO: Support value of clade mrca: 1.0
INFO: Possible clade containing 24 species
INFO: Support value of clade mrca: 1.0
INFO: Possible clade containing 0 species
INFO: Support value of clade mrca: 1.0
INFO: Possible clade containing 0 species
INFO: Support value of clade mrca: 1.0
INFO: Possible clade containing 0 species
INFO: Support value of clade mrca: 0.9988864142538976
INFO: Possible clade containing 0 species
INFO: Possible clade containing 0 species
INFO: Possible clade containing 0 species
INFO: Possible clade containing 0 species
INFO: Extracted 2 clades
INFO: Processing clade 0
INFO: Filtering clade for clade 0 alignments, min density : 0.1, max distance : 0.6
INFO: Including alignment ./156447990-9836-0-subtree.fa in clade 0
INFO: Including alignment ./165881981-9835-32-subtree.fa in clade 0
INFO: Including alignment ./169655731-9835-33-subtree.fa in clade 0
INFO: Including alignment ./193290611-91561-228-subtree.fa in clade 0
INFO: Including alignment ./204307052-91561-7-subtree.fa in clade 0
INFO: Including alignment ./254029100-9836-1-subtree.fa in clade 0
INFO: Including alignment ./254575652-91561-1272-subtree.fa in clade 0
INFO: Including alignment ./284176530-91561-607-subtree.fa in clade 0
INFO: Including alignment ./42521448-91561-518-subtree.fa in clade 0
INFO: Including alignment ./63365283-9835-24-subtree.fa in clade 0
INFO: Including alignment ./6688524-9835-22-subtree.fa in clade 0
INFO: Including alignment ./84871691-91561-109-subtree.fa in clade 0
INFO: Including alignment ./84871697-91561-1201-subtree.fa in clade 0
INFO: Including alignment ./84871701-91561-145-subtree.fa in clade 0
INFO: Including alignment ./84993683-91561-143-subtree.fa in clade 0
INFO: Including alignment ./84993685-91561-136-subtree.fa in clade 0
INFO: Found exact match(es) for Camelus ferus in local database
INFO: Found exact match(es) for Camelus bactrianus in local database
INFO: Found exact match(es) for Camelus dromedarius in local database
INFO: Created taxa table containing 3 rows
INFO: Wrote taxa table to clade0/species.tsv
INFO: Processing clade 1
INFO: Filtering clade for clade 1 alignments, min density : 0.1, max distance : 0.6
INFO: Including alignment ./100290221-9787-117-subtree.fa in clade 1
INFO: Including alignment ./100290274-9787-119-subtree.fa in clade 1
INFO: Including alignment ./100290378-9787-124-subtree.fa in clade 1
INFO: Including alignment ./10945689-9787-266-subtree.fa in clade 1
INFO: Including alignment ./1199757-9789-7-subtree.fa in clade 1
INFO: Including alignment ./124271128-9789-33-subtree.fa in clade 1
INFO: Including alignment ./124271134-9789-34-subtree.fa in clade 1
INFO: Including alignment ./126116472-9789-10-subtree.fa in clade 1
INFO: Including alignment ./12699033-9787-231-subtree.fa in clade 1
INFO: Including alignment ./12699154-9787-229-subtree.fa in clade 1
INFO: Including alignment ./12699273-9787-230-subtree.fa in clade 1
INFO: Including alignment ./12699399-9787-232-subtree.fa in clade 1
INFO: Including alignment ./12699526-9787-233-subtree.fa in clade 1
INFO: Including alignment ./12699715-9787-235-subtree.fa in clade 1
INFO: Including alignment ./12699833-9787-236-subtree.fa in clade 1
INFO: Including alignment ./12699954-9787-237-subtree.fa in clade 1
INFO: Including alignment ./12700025-9787-239-subtree.fa in clade 1
INFO: Including alignment ./12700130-9787-240-subtree.fa in clade 1
INFO: Including alignment ./12700244-9787-241-subtree.fa in clade 1
INFO: Including alignment ./12700368-9787-242-subtree.fa in clade 1
INFO: Including alignment ./12700584-9787-243-subtree.fa in clade 1
INFO: Including alignment ./12829939-9787-238-subtree.fa in clade 1
INFO: Including alignment ./1293116-9789-38-subtree.fa in clade 1
INFO: Including alignment ./145388911-9788-66-subtree.fa in clade 1
INFO: Including alignment ./145424216-9789-60-subtree.fa in clade 1
INFO: Including alignment ./152032272-9787-67-subtree.fa in clade 1
INFO: Including alignment ./152032314-9789-62-subtree.fa in clade 1
INFO: Including alignment ./160221279-9789-11-subtree.fa in clade 1
INFO: Including alignment ./163889642-9787-69-subtree.fa in clade 1
INFO: Including alignment ./163964271-9787-195-subtree.fa in clade 1
INFO: Including alignment ./166163737-9787-282-subtree.fa in clade 1
INFO: Including alignment ./168252692-9789-37-subtree.fa in clade 1
INFO: Including alignment ./168812258-9787-251-subtree.fa in clade 1
INFO: Including alignment ./169313599-9788-19-subtree.fa in clade 1
INFO: Including alignment ./1857533-9787-225-subtree.fa in clade 1
INFO: Including alignment ./197313065-9787-20-subtree.fa in clade 1
INFO: Including alignment ./20335094-9788-12-subtree.fa in clade 1
INFO: Including alignment ./215273848-9789-76-subtree.fa in clade 1
INFO: Including alignment ./215433764-9787-10-subtree.fa in clade 1
INFO: Including alignment ./22531677-9789-0-subtree.fa in clade 1
INFO: Including alignment ./254939432-9789-41-subtree.fa in clade 1
INFO: Including alignment ./254939444-9787-48-subtree.fa in clade 1
INFO: Including alignment ./254939456-9787-49-subtree.fa in clade 1
INFO: Including alignment ./258677283-9787-71-subtree.fa in clade 1
INFO: Including alignment ./2731414-9787-9-subtree.fa in clade 1
INFO: Including alignment ./2731424-9789-28-subtree.fa in clade 1
INFO: Including alignment ./2808685-9789-31-subtree.fa in clade 1
INFO: Including alignment ./2828333-9789-32-subtree.fa in clade 1
INFO: Including alignment ./28315915-9787-55-subtree.fa in clade 1
INFO: Including alignment ./28315916-9788-57-subtree.fa in clade 1
INFO: Including alignment ./28315917-9788-58-subtree.fa in clade 1
INFO: Including alignment ./290490693-9787-50-subtree.fa in clade 1
INFO: Including alignment ./290490699-9788-52-subtree.fa in clade 1
INFO: Including alignment ./290490711-9788-53-subtree.fa in clade 1
INFO: Including alignment ./296041683-9787-136-subtree.fa in clade 1
INFO: Including alignment ./296042025-9787-135-subtree.fa in clade 1
INFO: Including alignment ./30314363-9787-63-subtree.fa in clade 1
INFO: Including alignment ./306441113-9789-15-subtree.fa in clade 1
INFO: Including alignment ./327419778-9787-33-subtree.fa in clade 1
INFO: Including alignment ./332000905-9787-13-subtree.fa in clade 1
INFO: Including alignment ./335885048-9787-283-subtree.fa in clade 1
INFO: Including alignment ./33591270-9787-74-subtree.fa in clade 1
INFO: Including alignment ./347452287-9787-262-subtree.fa in clade 1
INFO: Including alignment ./347666062-9787-256-subtree.fa in clade 1
INFO: Including alignment ./347666627-9787-191-subtree.fa in clade 1
INFO: Including alignment ./347666905-9787-253-subtree.fa in clade 1
INFO: Including alignment ./347667771-9787-257-subtree.fa in clade 1
INFO: Including alignment ./347668568-9787-259-subtree.fa in clade 1
INFO: Including alignment ./358440363-9787-22-subtree.fa in clade 1
INFO: Including alignment ./358440367-9787-23-subtree.fa in clade 1
INFO: Including alignment ./358440435-9803-38-subtree.fa in clade 1
INFO: Including alignment ./358440461-9787-25-subtree.fa in clade 1
INFO: Including alignment ./358440461-9788-26-subtree.fa in clade 1
INFO: Including alignment ./358440473-9803-39-subtree.fa in clade 1
INFO: Including alignment ./358440481-9800-42-subtree.fa in clade 1
INFO: Including alignment ./358440485-9788-27-subtree.fa in clade 1
INFO: Including alignment ./358440503-9803-41-subtree.fa in clade 1
INFO: Including alignment ./358440513-9800-44-subtree.fa in clade 1
INFO: Including alignment ./358440533-9787-28-subtree.fa in clade 1
INFO: Including alignment ./358440541-9803-42-subtree.fa in clade 1
INFO: Including alignment ./358440549-9800-45-subtree.fa in clade 1
INFO: Including alignment ./358440553-9788-30-subtree.fa in clade 1
INFO: Including alignment ./358440571-9803-43-subtree.fa in clade 1
INFO: Including alignment ./358440583-9799-46-subtree.fa in clade 1
INFO: Including alignment ./358440601-9788-31-subtree.fa in clade 1
INFO: Including alignment ./358440609-9803-44-subtree.fa in clade 1
INFO: Including alignment ./358440617-9799-47-subtree.fa in clade 1
INFO: Including alignment ./358440635-9788-32-subtree.fa in clade 1
INFO: Including alignment ./358440643-9803-45-subtree.fa in clade 1
INFO: Including alignment ./358440649-9799-48-subtree.fa in clade 1
INFO: Including alignment ./358440667-9788-33-subtree.fa in clade 1
INFO: Including alignment ./364023691-9803-40-subtree.fa in clade 1
INFO: Including alignment ./364023697-9800-43-subtree.fa in clade 1
INFO: Including alignment ./364023699-9788-28-subtree.fa in clade 1
INFO: Including alignment ./365822534-9789-66-subtree.fa in clade 1
INFO: Including alignment ./37906956-9787-59-subtree.fa in clade 1
INFO: Including alignment ./37906985-9788-62-subtree.fa in clade 1
INFO: Including alignment ./37907249-9788-63-subtree.fa in clade 1
INFO: Including alignment ./399240847-9789-14-subtree.fa in clade 1
INFO: Including alignment ./410613-9788-16-subtree.fa in clade 1
INFO: Including alignment ./42495314-9787-58-subtree.fa in clade 1
INFO: Including alignment ./42495316-9788-61-subtree.fa in clade 1
INFO: Including alignment ./42521478-9787-83-subtree.fa in clade 1
INFO: Including alignment ./42525401-9787-94-subtree.fa in clade 1
INFO: Including alignment ./42525403-9788-98-subtree.fa in clade 1
INFO: Including alignment ./42525404-9789-92-subtree.fa in clade 1
INFO: Including alignment ./42525409-9789-97-subtree.fa in clade 1
INFO: Including alignment ./42525411-9789-99-subtree.fa in clade 1
INFO: Including alignment ./42525412-9789-100-subtree.fa in clade 1
INFO: Including alignment ./42525414-9789-102-subtree.fa in clade 1
INFO: Including alignment ./42525419-9789-104-subtree.fa in clade 1
INFO: Including alignment ./42525428-9789-106-subtree.fa in clade 1
INFO: Including alignment ./42525440-9789-107-subtree.fa in clade 1
INFO: Including alignment ./42525442-9789-109-subtree.fa in clade 1
INFO: Including alignment ./42539966-9789-80-subtree.fa in clade 1
INFO: Including alignment ./42539971-9789-85-subtree.fa in clade 1
INFO: Including alignment ./44888836-9787-93-subtree.fa in clade 1
INFO: Including alignment ./4757608-9788-8-subtree.fa in clade 1
INFO: Including alignment ./4808324-9787-54-subtree.fa in clade 1
INFO: Including alignment ./5107049-9789-47-subtree.fa in clade 1
INFO: Including alignment ./5813837-9789-75-subtree.fa in clade 1
INFO: Including alignment ./6224878-9787-11-subtree.fa in clade 1
INFO: Including alignment ./6224878-9799-2-subtree.fa in clade 1
INFO: Including alignment ./66864187-9788-190-subtree.fa in clade 1
INFO: Including alignment ./77744368-9787-24-subtree.fa in clade 1
INFO: Including alignment ./89574142-9787-274-subtree.fa in clade 1
INFO: Including alignment ./89574192-9787-275-subtree.fa in clade 1
INFO: Including alignment ./91075910-9789-69-subtree.fa in clade 1
INFO: Including alignment ./99083528-9787-116-subtree.fa in clade 1
INFO: Found exact match(es) for Rhinoceros sondaicus in local database
INFO: Found exact match(es) for Equus kiang in local database
INFO: Found exact match(es) for Equus przewalskii in local database
INFO: Found exact match(es) for Equus grevyi in local database
INFO: Found exact match(es) for Equus zebra in local database
INFO: Found exact match(es) for Rhinoceros unicornis in local database
INFO: Found exact match(es) for Dicerorhinus sumatrensis in local database
INFO: Found exact match(es) for Equus burchellii in local database
INFO: Found exact match(es) for Diceros bicornis in local database
INFO: Found exact match(es) for Equus asinus in local database
INFO: Found exact match(es) for Equus hydruntinus in local database
INFO: Found exact match(es) for Tapirus indicus in local database
INFO: Found exact match(es) for Tapirus bairdii in local database
INFO: Found exact match(es) for Tapirus pinchaque in local database
INFO: Found exact match(es) for Tapirus terrestris in local database
INFO: Found exact match(es) for Equus caballus in local database
INFO: Found exact match(es) for Coelodonta antiquitatis in local database
INFO: Found exact match(es) for Ceratotherium simum in local database
INFO: Found exact match(es) for Equus hemionus in local database
INFO: Found exact match(es) for Hippidion devillei in local database
INFO: Found exact match(es) for Equus capensis in local database
INFO: Found exact match(es) for Hippidion saldiasi in local database
INFO: Found exact match(es) for Equus neogeus in local database
INFO: Created taxa table containing 23 rows
INFO: Wrote taxa table to clade1/species.tsv
INFO: Species in clade0: Camelus ferus, Camelus bactrianus, Camelus dromedarius
INFO: Species in clade1: Rhinoceros sondaicus, Equus kiang, Equus przewalskii, Equus grevyi, Equus zebra, Rhinoceros unicornis, Dicerorhinus sumatrensis, Equus burchellii, Diceros bicornis, Equus asinus, Tapirus indicus, Tapirus bairdii, Tapirus pinchaque, Tapirus terrestris, Equus caballus, Coelodonta antiquitatis, Ceratotherium simum, Equus hemionus, Hippidion devillei, Equus capensis, Hippidion saldiasi, Equus neogeus, Equus hydruntinus
INFO: DONE, results written into working directory .
INFO: This is SUPERSMART release v0.1.34
INFO: Going to look for clade data in .
INFO: Going to cluster 16 seed GIs, max distance : 0.6
INFO: Making BLAST db for 16 distinct GIs
INFO: Wrote FASTA to clade0/seeds.fa
INFO: Going to run all vs all BLAST search on clade0/seeds.fa
INFO: Number of blast results : 16
INFO: Going to cluster around seed 156447990
INFO: Going to cluster around seed 165881981
INFO: Going to cluster around seed 169655731
INFO: Going to cluster around seed 193290611
INFO: Going to cluster around seed 204307052
INFO: Going to cluster around seed 254029100
INFO: Going to cluster around seed 254575652
INFO: Going to cluster around seed 284176530
INFO: Going to cluster around seed 42521448
INFO: Going to cluster around seed 63365283
INFO: Going to cluster around seed 6688524
INFO: Going to cluster around seed 84871691
INFO: Going to cluster around seed 84871697
INFO: Going to cluster around seed 84871701
INFO: Going to cluster around seed 84993683
INFO: Going to cluster around seed 84993685
INFO: Listing merged files in ./clade0/merged.txt
INFO: Going to cluster 127 seed GIs, max distance : 0.6
INFO: Making BLAST db for 127 distinct GIs
INFO: Wrote FASTA to clade1/seeds.fa
INFO: Going to run all vs all BLAST search on clade1/seeds.fa
INFO: Number of blast results : 127
INFO: Going to cluster around seed 100290221
INFO: Going to cluster around seed 100290274
INFO: Going to cluster around seed 100290378
INFO: Going to cluster around seed 10945689
INFO: Going to cluster around seed 1199757
INFO: Going to cluster around seed 124271128
INFO: Going to cluster around seed 124271134
INFO: Going to cluster around seed 126116472
INFO: Going to cluster around seed 12699033
INFO: Going to cluster around seed 12699154
INFO: Going to cluster around seed 12699273
INFO: Going to cluster around seed 12699399
INFO: Going to cluster around seed 12699526
INFO: Going to cluster around seed 12699715
INFO: Going to cluster around seed 12699833
INFO: Going to cluster around seed 12699954
INFO: Going to cluster around seed 12700025
INFO: Going to cluster around seed 12700130
INFO: Going to cluster around seed 12700244
INFO: Going to cluster around seed 12700368
INFO: Going to cluster around seed 12700584
INFO: Going to cluster around seed 12829939
INFO: Going to cluster around seed 1293116
INFO: Going to cluster around seed 145388911
INFO: Going to cluster around seed 145424216
INFO: Going to cluster around seed 152032272
INFO: Going to cluster around seed 152032314
INFO: Going to cluster around seed 160221279
INFO: Going to cluster around seed 163889642
INFO: Going to cluster around seed 163964271
INFO: Going to cluster around seed 166163737
INFO: Going to cluster around seed 168252692
INFO: Going to cluster around seed 168812258
INFO: Going to cluster around seed 169313599
INFO: Going to cluster around seed 1857533
INFO: Going to cluster around seed 197313065
INFO: Going to cluster around seed 20335094
INFO: Going to cluster around seed 215273848
INFO: Going to cluster around seed 215433764
INFO: Going to cluster around seed 22531677
INFO: Going to cluster around seed 254939432
INFO: Going to cluster around seed 254939444
INFO: Going to cluster around seed 254939456
INFO: Going to cluster around seed 258677283
INFO: Going to cluster around seed 2731414
INFO: Going to cluster around seed 2731424
INFO: Going to cluster around seed 2808685
INFO: Going to cluster around seed 2828333
INFO: Going to cluster around seed 28315915
INFO: Going to cluster around seed 28315916
INFO: Going to cluster around seed 28315917
INFO: Going to cluster around seed 290490693
INFO: Going to cluster around seed 290490699
INFO: Going to cluster around seed 290490711
INFO: Going to cluster around seed 296041683
INFO: Going to cluster around seed 296042025
INFO: Going to cluster around seed 30314363
INFO: Going to cluster around seed 306441113
INFO: Going to cluster around seed 327419778
INFO: Going to cluster around seed 332000905
INFO: Going to cluster around seed 335885048
INFO: Going to cluster around seed 33591270
INFO: Going to cluster around seed 347452287
INFO: Going to cluster around seed 347666062
INFO: Going to cluster around seed 347666627
INFO: Going to cluster around seed 347666905
INFO: Going to cluster around seed 347667771
INFO: Going to cluster around seed 347668568
INFO: Going to cluster around seed 358440363
INFO: Going to cluster around seed 358440367
INFO: Going to cluster around seed 358440435
INFO: Going to cluster around seed 358440473
INFO: Going to cluster around seed 358440503
INFO: Going to cluster around seed 358440541
INFO: Going to cluster around seed 358440571
INFO: Going to cluster around seed 358440609
INFO: Going to cluster around seed 358440643
INFO: Going to cluster around seed 364023691
INFO: Going to cluster around seed 365822534
INFO: Going to cluster around seed 37906956
INFO: Going to cluster around seed 37906985
INFO: Going to cluster around seed 37907249
INFO: Going to cluster around seed 399240847
INFO: Going to cluster around seed 410613
INFO: Going to cluster around seed 42495314
INFO: Going to cluster around seed 42495316
INFO: Going to cluster around seed 42521478
INFO: Going to cluster around seed 42525401
INFO: Going to cluster around seed 42525403
INFO: Going to cluster around seed 42525404
INFO: Going to cluster around seed 42525409
INFO: Going to cluster around seed 42525411
INFO: Going to cluster around seed 42525412
INFO: Going to cluster around seed 42525414
INFO: Going to cluster around seed 42525419
INFO: Going to cluster around seed 42525428
INFO: Going to cluster around seed 42525440
INFO: Going to cluster around seed 42525442
INFO: Going to cluster around seed 42539966
INFO: Going to cluster around seed 42539971
INFO: Going to cluster around seed 44888836
INFO: Going to cluster around seed 4757608
INFO: Going to cluster around seed 4808324
INFO: Going to cluster around seed 5107049
INFO: Going to cluster around seed 5813837
INFO: Going to cluster around seed 6224878
INFO: Going to cluster around seed 66864187
INFO: Going to cluster around seed 77744368
INFO: Going to cluster around seed 89574142
INFO: Going to cluster around seed 89574192
INFO: Going to cluster around seed 91075910
INFO: Going to cluster around seed 99083528
INFO: Writing singleton clade1/cluster1.fa [./clade1/100290221-clade1.fa]
INFO: Writing singleton clade1/cluster2.fa [./clade1/100290274-clade1.fa]
INFO: Writing singleton clade1/cluster3.fa [./clade1/100290378-clade1.fa]
INFO: Writing singleton clade1/cluster4.fa [./clade1/10945689-clade1.fa]
INFO: Writing singleton clade1/cluster5.fa [./clade1/1199757-clade1.fa]
INFO: Writing singleton clade1/cluster6.fa [./clade1/124271128-clade1.fa]
INFO: Writing singleton clade1/cluster7.fa [./clade1/124271134-clade1.fa]
INFO: Writing singleton clade1/cluster8.fa [./clade1/126116472-clade1.fa]
INFO: Writing singleton clade1/cluster9.fa [./clade1/12699033-clade1.fa]
INFO: Writing singleton clade1/cluster10.fa [./clade1/12699154-clade1.fa]
INFO: Writing singleton clade1/cluster11.fa [./clade1/12699273-clade1.fa]
INFO: Writing singleton clade1/cluster12.fa [./clade1/12699399-clade1.fa]
INFO: Writing singleton clade1/cluster13.fa [./clade1/12699526-clade1.fa]
INFO: Writing singleton clade1/cluster14.fa [./clade1/12699715-clade1.fa]
INFO: Writing singleton clade1/cluster15.fa [./clade1/12699833-clade1.fa]
INFO: Writing singleton clade1/cluster16.fa [./clade1/12699954-clade1.fa]
INFO: Writing singleton clade1/cluster17.fa [./clade1/12700025-clade1.fa]
INFO: Writing singleton clade1/cluster18.fa [./clade1/12700130-clade1.fa]
INFO: Writing singleton clade1/cluster19.fa [./clade1/12700244-clade1.fa]
INFO: Writing singleton clade1/cluster20.fa [./clade1/12700368-clade1.fa]
INFO: Writing singleton clade1/cluster21.fa [./clade1/12700584-clade1.fa]
INFO: Writing singleton clade1/cluster22.fa [./clade1/12829939-clade1.fa]
INFO: Writing singleton clade1/cluster23.fa [./clade1/1293116-clade1.fa]
INFO: Writing singleton clade1/cluster24.fa [./clade1/145388911-clade1.fa]
INFO: Writing singleton clade1/cluster25.fa [./clade1/145424216-clade1.fa]
INFO: Writing singleton clade1/cluster26.fa [./clade1/152032272-clade1.fa]
INFO: Writing singleton clade1/cluster27.fa [./clade1/152032314-clade1.fa]
INFO: Writing singleton clade1/cluster28.fa [./clade1/160221279-clade1.fa]
INFO: Writing singleton clade1/cluster29.fa [./clade1/163889642-clade1.fa]
INFO: Writing singleton clade1/cluster30.fa [./clade1/163964271-clade1.fa]
INFO: Writing singleton clade1/cluster31.fa [./clade1/166163737-clade1.fa]
INFO: Writing singleton clade1/cluster32.fa [./clade1/168252692-clade1.fa]
INFO: Writing singleton clade1/cluster33.fa [./clade1/168812258-clade1.fa]
INFO: Writing singleton clade1/cluster34.fa [./clade1/169313599-clade1.fa]
INFO: Writing singleton clade1/cluster35.fa [./clade1/1857533-clade1.fa]
INFO: Writing singleton clade1/cluster36.fa [./clade1/197313065-clade1.fa]
INFO: Writing singleton clade1/cluster37.fa [./clade1/20335094-clade1.fa]
INFO: Writing singleton clade1/cluster38.fa [./clade1/215273848-clade1.fa]
INFO: Writing singleton clade1/cluster39.fa [./clade1/215433764-clade1.fa]
INFO: Writing singleton clade1/cluster40.fa [./clade1/22531677-clade1.fa]
INFO: Writing singleton clade1/cluster41.fa [./clade1/254939432-clade1.fa]
INFO: Writing singleton clade1/cluster42.fa [./clade1/254939444-clade1.fa]
INFO: Writing singleton clade1/cluster43.fa [./clade1/254939456-clade1.fa]
INFO: Writing singleton clade1/cluster44.fa [./clade1/258677283-clade1.fa]
INFO: Writing singleton clade1/cluster45.fa [./clade1/2731414-clade1.fa]
INFO: Writing singleton clade1/cluster46.fa [./clade1/2731424-clade1.fa]
INFO: Writing singleton clade1/cluster47.fa [./clade1/2808685-clade1.fa]
INFO: Writing singleton clade1/cluster48.fa [./clade1/2828333-clade1.fa]
INFO: Writing singleton clade1/cluster49.fa [./clade1/28315915-clade1.fa]
INFO: Writing singleton clade1/cluster50.fa [./clade1/28315916-clade1.fa]
INFO: Writing singleton clade1/cluster51.fa [./clade1/28315917-clade1.fa]
INFO: Writing singleton clade1/cluster52.fa [./clade1/290490693-clade1.fa]
INFO: Writing singleton clade1/cluster53.fa [./clade1/290490699-clade1.fa]
INFO: Writing singleton clade1/cluster54.fa [./clade1/290490711-clade1.fa]
INFO: Writing singleton clade1/cluster55.fa [./clade1/296041683-clade1.fa]
INFO: Writing singleton clade1/cluster56.fa [./clade1/296042025-clade1.fa]
INFO: Writing singleton clade1/cluster57.fa [./clade1/30314363-clade1.fa]
INFO: Writing singleton clade1/cluster58.fa [./clade1/306441113-clade1.fa]
INFO: Writing singleton clade1/cluster59.fa [./clade1/327419778-clade1.fa]
INFO: Writing singleton clade1/cluster60.fa [./clade1/332000905-clade1.fa]
INFO: Writing singleton clade1/cluster61.fa [./clade1/335885048-clade1.fa]
INFO: Writing singleton clade1/cluster62.fa [./clade1/33591270-clade1.fa]
INFO: Writing singleton clade1/cluster63.fa [./clade1/347452287-clade1.fa]
INFO: Writing singleton clade1/cluster64.fa [./clade1/347666062-clade1.fa]
INFO: Writing singleton clade1/cluster65.fa [./clade1/347666627-clade1.fa]
INFO: Writing singleton clade1/cluster66.fa [./clade1/347666905-clade1.fa]
INFO: Writing singleton clade1/cluster67.fa [./clade1/347667771-clade1.fa]
INFO: Writing singleton clade1/cluster68.fa [./clade1/347668568-clade1.fa]
INFO: Writing singleton clade1/cluster69.fa [./clade1/358440363-clade1.fa]
INFO: Writing singleton clade1/cluster70.fa [./clade1/358440367-clade1.fa]
INFO: Starting clade1/cluster71.fa [./clade1/358440461-clade1.fa]
INFO: Merged clade1/cluster71.fa and ./clade1/358440435-clade1.fa
INFO: Done merging clade1/cluster71.fa
INFO: Starting clade1/cluster72.fa [./clade1/358440485-clade1.fa]
INFO: Merged clade1/cluster72.fa and ./clade1/358440481-clade1.fa
INFO: Merged clade1/cluster72.fa and ./clade1/358440473-clade1.fa
INFO: Done merging clade1/cluster72.fa
INFO: Starting clade1/cluster73.fa [./clade1/358440533-clade1.fa]
INFO: Starting clade1/cluster78.fa [./clade1/364023699-clade1.fa]
INFO: Merged clade1/cluster73.fa and ./clade1/358440513-clade1.fa
INFO: Merged clade1/cluster78.fa and ./clade1/364023691-clade1.fa
INFO: Merged clade1/cluster73.fa and ./clade1/358440503-clade1.fa
INFO: Done merging clade1/cluster73.fa
INFO: Starting clade1/cluster74.fa [./clade1/358440553-clade1.fa]
INFO: Writing singleton clade1/cluster85.fa [./clade1/42495314-clade1.fa]
INFO: Writing singleton clade1/cluster86.fa [./clade1/42495316-clade1.fa]
INFO: Writing singleton clade1/cluster87.fa [./clade1/42521478-clade1.fa]
INFO: Writing singleton clade1/cluster88.fa [./clade1/42525401-clade1.fa]
INFO: Writing singleton clade1/cluster89.fa [./clade1/42525403-clade1.fa]
INFO: Writing singleton clade1/cluster90.fa [./clade1/42525404-clade1.fa]
INFO: Writing singleton clade1/cluster91.fa [./clade1/42525409-clade1.fa]
INFO: Merged clade1/cluster74.fa and ./clade1/358440541-clade1.fa
INFO: Merged clade1/cluster78.fa and ./clade1/364023697-clade1.fa
INFO: Done merging clade1/cluster78.fa
INFO: Writing singleton clade1/cluster79.fa [./clade1/365822534-clade1.fa]
INFO: Writing singleton clade1/cluster80.fa [./clade1/37906956-clade1.fa]
INFO: Writing singleton clade1/cluster81.fa [./clade1/37906985-clade1.fa]
INFO: Writing singleton clade1/cluster82.fa [./clade1/37907249-clade1.fa]
INFO: Writing singleton clade1/cluster83.fa [./clade1/399240847-clade1.fa]
INFO: Writing singleton clade1/cluster84.fa [./clade1/410613-clade1.fa]
INFO: Merged clade1/cluster74.fa and ./clade1/358440549-clade1.fa
INFO: Done merging clade1/cluster74.fa
INFO: Starting clade1/cluster75.fa [./clade1/358440601-clade1.fa]
INFO: Merged clade1/cluster75.fa and ./clade1/358440583-clade1.fa
INFO: Writing singleton clade1/cluster92.fa [./clade1/42525411-clade1.fa]
INFO: Writing singleton clade1/cluster93.fa [./clade1/42525412-clade1.fa]
INFO: Writing singleton clade1/cluster94.fa [./clade1/42525414-clade1.fa]
INFO: Writing singleton clade1/cluster95.fa [./clade1/42525419-clade1.fa]
INFO: Writing singleton clade1/cluster96.fa [./clade1/42525428-clade1.fa]
INFO: Writing singleton clade1/cluster97.fa [./clade1/42525440-clade1.fa]
INFO: Writing singleton clade1/cluster98.fa [./clade1/42525442-clade1.fa]
INFO: Merged clade1/cluster75.fa and ./clade1/358440571-clade1.fa
INFO: Done merging clade1/cluster75.fa
INFO: Starting clade1/cluster76.fa [./clade1/358440617-clade1.fa]
INFO: Merged clade1/cluster76.fa and ./clade1/358440609-clade1.fa
INFO: Merged clade1/cluster76.fa and ./clade1/358440635-clade1.fa
INFO: Done merging clade1/cluster76.fa
INFO: Starting clade1/cluster77.fa [./clade1/358440643-clade1.fa]
INFO: Writing singleton clade1/cluster99.fa [./clade1/42539966-clade1.fa]
INFO: Writing singleton clade1/cluster100.fa [./clade1/42539971-clade1.fa]
INFO: Writing singleton clade1/cluster101.fa [./clade1/44888836-clade1.fa]
INFO: Writing singleton clade1/cluster102.fa [./clade1/4757608-clade1.fa]
INFO: Writing singleton clade1/cluster103.fa [./clade1/4808324-clade1.fa]
INFO: Writing singleton clade1/cluster104.fa [./clade1/5107049-clade1.fa]
INFO: Writing singleton clade1/cluster105.fa [./clade1/5813837-clade1.fa]
INFO: Merged clade1/cluster77.fa and ./clade1/358440649-clade1.fa
INFO: Merged clade1/cluster77.fa and ./clade1/358440667-clade1.fa
INFO: Done merging clade1/cluster77.fa
INFO: Writing singleton clade1/cluster106.fa [./clade1/6224878-clade1.fa]
INFO: Writing singleton clade1/cluster107.fa [./clade1/66864187-clade1.fa]
INFO: Writing singleton clade1/cluster108.fa [./clade1/77744368-clade1.fa]
INFO: Writing singleton clade1/cluster109.fa [./clade1/89574142-clade1.fa]
INFO: Writing singleton clade1/cluster110.fa [./clade1/89574192-clade1.fa]
INFO: Writing singleton clade1/cluster111.fa [./clade1/91075910-clade1.fa]
INFO: Writing singleton clade1/cluster112.fa [./clade1/99083528-clade1.fa]
INFO: Listing merged files in ./clade1/merged.txt
WARN: Clade clade0 is missing merged alignments, possibly due to low coverage. Skipping.
INFO: Adding alignment clade1/cluster1.fa
INFO: Found 2 sibling haplotypes for 209962212
INFO: Found 0 sibling haplotypes for 100290223
INFO: Found 2 sibling haplotypes for 209962172
INFO: Going to align 5 sequences
INFO: Adding alignment clade1/cluster2.fa
INFO: Found 2 sibling haplotypes for 209962219
INFO: Found 2 sibling haplotypes for 209962222
INFO: Found 0 sibling haplotypes for 100290276
INFO: Going to align 5 sequences
INFO: Adding alignment clade1/cluster3.fa
INFO: Found 2 sibling haplotypes for 209962243
INFO: Found 0 sibling haplotypes for 100290378
INFO: Found 0 sibling haplotypes for 100290380
INFO: Found 2 sibling haplotypes for 209962247
INFO: Going to align 5 sequences
INFO: Adding alignment clade1/cluster4.fa
INFO: Found 0 sibling haplotypes for 10945689
INFO: Found 0 sibling haplotypes for 10945687
INFO: Found 0 sibling haplotypes for 10945693
INFO: Found 0 sibling haplotypes for 10945691
INFO: Going to align 4 sequences
INFO: Adding alignment clade1/cluster5.fa
INFO: Found 0 sibling haplotypes for 1199756
INFO: Found 0 sibling haplotypes for 1199748
INFO: Found 0 sibling haplotypes for 1199755
INFO: Found 0 sibling haplotypes for 1199754
INFO: Going to align 4 sequences
INFO: Adding alignment clade1/cluster6.fa
INFO: Found 0 sibling haplotypes for 124271128
INFO: Found 0 sibling haplotypes for 124271126
INFO: Found 0 sibling haplotypes for 124271124
INFO: Going to align 3 sequences
INFO: Adding alignment clade1/cluster7.fa
INFO: Found 0 sibling haplotypes for 124271130
INFO: Found 0 sibling haplotypes for 124271132
INFO: Found 0 sibling haplotypes for 124271134
INFO: Going to align 3 sequences
INFO: Adding alignment clade1/cluster8.fa
INFO: Found 0 sibling haplotypes for 126116478
INFO: Found 0 sibling haplotypes for 126116486
INFO: Found 0 sibling haplotypes for 126116466
INFO: Found 0 sibling haplotypes for 126116484
INFO: Found 1 sibling haplotypes for 126116488
INFO: Going to align 6 sequences
INFO: Adding alignment clade1/cluster9.fa
INFO: Found 0 sibling haplotypes for 12699029
INFO: Found 0 sibling haplotypes for 12699031
INFO: Found 0 sibling haplotypes for 12699033
INFO: Going to align 3 sequences
INFO: Adding alignment clade1/cluster10.fa
INFO: Found 0 sibling haplotypes for 12699154
INFO: Found 0 sibling haplotypes for 12699153
INFO: Found 0 sibling haplotypes for 12699152
INFO: Going to align 3 sequences
INFO: Adding alignment clade1/cluster11.fa
INFO: Found 0 sibling haplotypes for 12699271
INFO: Found 0 sibling haplotypes for 12699269
INFO: Found 0 sibling haplotypes for 12699273
INFO: Going to align 3 sequences
INFO: Adding alignment clade1/cluster12.fa
INFO: Found 0 sibling haplotypes for 12699397
INFO: Found 0 sibling haplotypes for 12699399
INFO: Found 0 sibling haplotypes for 12699395
INFO: Going to align 3 sequences
INFO: Adding alignment clade1/cluster13.fa
INFO: Found 0 sibling haplotypes for 12699526
INFO: Found 0 sibling haplotypes for 12699524
INFO: Found 0 sibling haplotypes for 12699522
INFO: Going to align 3 sequences
INFO: Adding alignment clade1/cluster14.fa
INFO: Found 0 sibling haplotypes for 12699713
INFO: Found 0 sibling haplotypes for 12699714
INFO: Found 0 sibling haplotypes for 12699715
INFO: Going to align 3 sequences
INFO: Adding alignment clade1/cluster15.fa
INFO: Found 0 sibling haplotypes for 12699829
INFO: Found 0 sibling haplotypes for 12699831
INFO: Found 0 sibling haplotypes for 12699833
INFO: Going to align 3 sequences
INFO: Adding alignment clade1/cluster16.fa
INFO: Found 0 sibling haplotypes for 12699953
INFO: Found 0 sibling haplotypes for 12699954
INFO: Found 0 sibling haplotypes for 12699951
INFO: Going to align 3 sequences
INFO: Adding alignment clade1/cluster17.fa
INFO: Found 0 sibling haplotypes for 12700024
INFO: Found 0 sibling haplotypes for 12700025
INFO: Found 0 sibling haplotypes for 12700023
INFO: Going to align 3 sequences
INFO: Adding alignment clade1/cluster18.fa
INFO: Found 0 sibling haplotypes for 12700126
INFO: Found 0 sibling haplotypes for 12700130
INFO: Found 0 sibling haplotypes for 12700128
INFO: Going to align 3 sequences
INFO: Adding alignment clade1/cluster19.fa
INFO: Found 0 sibling haplotypes for 12700244
INFO: Found 1 sibling haplotypes for 12700240
INFO: Found 0 sibling haplotypes for 12700242
INFO: Going to align 4 sequences
INFO: Adding alignment clade1/cluster20.fa
INFO: Found 1 sibling haplotypes for 12700364
INFO: Found 0 sibling haplotypes for 12700368
INFO: Found 0 sibling haplotypes for 12700366
INFO: Going to align 4 sequences
INFO: Adding alignment clade1/cluster21.fa
INFO: Found 0 sibling haplotypes for 12700582
INFO: Found 0 sibling haplotypes for 12700580
INFO: Found 0 sibling haplotypes for 12700584
INFO: Going to align 3 sequences
INFO: Adding alignment clade1/cluster22.fa
INFO: Found 0 sibling haplotypes for 12829937
INFO: Found 0 sibling haplotypes for 12829935
INFO: Found 0 sibling haplotypes for 12829939
INFO: Going to align 3 sequences
INFO: Adding alignment clade1/cluster23.fa
INFO: Found 0 sibling haplotypes for 1293116
INFO: Found 0 sibling haplotypes for 168997370
INFO: Found 0 sibling haplotypes for 168997368
INFO: Going to align 3 sequences
INFO: Adding alignment clade1/cluster24.fa
INFO: Found 7 sibling haplotypes for 145388905
INFO: Found 18 sibling haplotypes for 145388897
INFO: Found 1 sibling haplotypes for 145388911
INFO: Going to align 8 sequences
INFO: Adding alignment clade1/cluster25.fa
INFO: Found 4 sibling haplotypes for 145424206
INFO: Found 0 sibling haplotypes for 145424214
INFO: Found 0 sibling haplotypes for 145424216
INFO: Going to align 5 sequences
INFO: Adding alignment clade1/cluster26.fa
INFO: Found 0 sibling haplotypes for 152032278
INFO: Found 0 sibling haplotypes for 152032276
INFO: Found 0 sibling haplotypes for 152032270
INFO: Going to align 3 sequences
INFO: Adding alignment clade1/cluster27.fa
INFO: Found 2 sibling haplotypes for 152032312
INFO: Found 0 sibling haplotypes for 152032320
INFO: Found 0 sibling haplotypes for 3643786
INFO: Going to align 5 sequences
INFO: Adding alignment clade1/cluster28.fa
INFO: Found 0 sibling haplotypes for 160221277
INFO: Found 1 sibling haplotypes for 2443358
INFO: Found 0 sibling haplotypes for 160221275
INFO: Found 0 sibling haplotypes for 160221273
INFO: Going to align 5 sequences
INFO: Adding alignment clade1/cluster29.fa
INFO: Found 0 sibling haplotypes for 163889638
INFO: Found 0 sibling haplotypes for 163889640
INFO: Found 0 sibling haplotypes for 163889644
INFO: Found 0 sibling haplotypes for 163889642
INFO: Going to align 4 sequences
INFO: Adding alignment clade1/cluster30.fa
INFO: Found 0 sibling haplotypes for 163964273
INFO: Found 0 sibling haplotypes for 169655713
INFO: Found 0 sibling haplotypes for 169655715
INFO: Found 0 sibling haplotypes for 163964271
INFO: Going to align 4 sequences
INFO: Adding alignment clade1/cluster31.fa
INFO: Found 0 sibling haplotypes for 166163741
INFO: Found 0 sibling haplotypes for 166163739
INFO: Found 0 sibling haplotypes for 166163737
INFO: Going to align 3 sequences
INFO: Adding alignment clade1/cluster32.fa
INFO: Found 0 sibling haplotypes for 50428907
INFO: Found 0 sibling haplotypes for 168252693
INFO: Found 0 sibling haplotypes for 168252692
INFO: Going to align 3 sequences
INFO: Adding alignment clade1/cluster33.fa
INFO: Found 0 sibling haplotypes for 168812258
INFO: Found 0 sibling haplotypes for 21645680
INFO: Found 0 sibling haplotypes for 347668042
INFO: Found 0 sibling haplotypes for 164514050
INFO: Going to align 4 sequences
INFO: Adding alignment clade1/cluster34.fa
INFO: Found 0 sibling haplotypes for 7263092
INFO: Found 0 sibling haplotypes for 169313598
INFO: Found 0 sibling haplotypes for 169313597
INFO: Found 0 sibling haplotypes for 169313599
INFO: Going to align 4 sequences
INFO: Adding alignment clade1/cluster35.fa
INFO: Found 0 sibling haplotypes for 1857533
INFO: Found 4 sibling haplotypes for 84370626
INFO: Found 0 sibling haplotypes for 1857535
INFO: Found 0 sibling haplotypes for 1857531
INFO: Found 0 sibling haplotypes for 1857529
INFO: Going to align 7 sequences
INFO: Adding alignment clade1/cluster36.fa
INFO: Found 6 sibling haplotypes for 38153704
INFO: Found 1 sibling haplotypes for 4406431
INFO: Found 1 sibling haplotypes for 197313073
INFO: Found 6 sibling haplotypes for 224831203
INFO: Found 2 sibling haplotypes for 4406429
INFO: Found 1 sibling haplotypes for 197313071
INFO: Found 0 sibling haplotypes for 4406433
INFO: Found 1 sibling haplotypes for 197313049
INFO: Going to align 18 sequences
INFO: Adding alignment clade1/cluster37.fa
INFO: Found 0 sibling haplotypes for 20335093
INFO: Found 0 sibling haplotypes for 20335096
INFO: Found 2 sibling haplotypes for 91075903
INFO: Found 0 sibling haplotypes for 91075902
INFO: Going to align 6 sequences
INFO: Adding alignment clade1/cluster38.fa
INFO: Found 13 sibling haplotypes for 215273859
INFO: Found 12 sibling haplotypes for 215273852
INFO: Found 4 sibling haplotypes for 238817042
INFO: Found 0 sibling haplotypes for 119655274
INFO: Going to align 10 sequences
INFO: Adding alignment clade1/cluster39.fa
INFO: Found 2 sibling haplotypes for 283100223
INFO: Found 5 sibling haplotypes for 50299456
INFO: Found 8 sibling haplotypes for 283100214
INFO: Found 9 sibling haplotypes for 283100210
INFO: Found 4 sibling haplotypes for 283100220
INFO: Found 29 sibling haplotypes for 358364250
INFO: Found 0 sibling haplotypes for 157885801
INFO: Found 25 sibling haplotypes for 12642096
INFO: Found 10 sibling haplotypes for 8886709
INFO: Found 7 sibling haplotypes for 283100230
INFO: Found 249 sibling haplotypes for 90901993
INFO: Found 231 sibling haplotypes for 304651326
INFO: Found 0 sibling haplotypes for 283100228
INFO: Found 3 sibling haplotypes for 393804116
INFO: Found 4 sibling haplotypes for 12642109
INFO: Going to align 40 sequences
INFO: Adding alignment clade1/cluster40.fa
INFO: Found 0 sibling haplotypes for 22531677
INFO: Found 1 sibling haplotypes for 22531669
INFO: Found 0 sibling haplotypes for 22531675
INFO: Found 1 sibling haplotypes for 22531665
INFO: Found 0 sibling haplotypes for 22531663
INFO: Found 1 sibling haplotypes for 22531659
INFO: Found 0 sibling haplotypes for 22531673
INFO: Going to align 10 sequences
INFO: Adding alignment clade1/cluster41.fa
INFO: Found 0 sibling haplotypes for 254939430
INFO: Found 0 sibling haplotypes for 254939438
INFO: Found 0 sibling haplotypes for 254939436
INFO: Found 0 sibling haplotypes for 254939432
INFO: Going to align 4 sequences
INFO: Adding alignment clade1/cluster42.fa
INFO: Found 0 sibling haplotypes for 254939448
INFO: Found 0 sibling haplotypes for 254939442
INFO: Found 0 sibling haplotypes for 254939444
INFO: Found 0 sibling haplotypes for 254939450
INFO: Going to align 4 sequences
INFO: Adding alignment clade1/cluster43.fa
INFO: Found 0 sibling haplotypes for 254939456
INFO: Found 0 sibling haplotypes for 254939462
INFO: Found 0 sibling haplotypes for 254939454
INFO: Found 0 sibling haplotypes for 254939460
INFO: Going to align 4 sequences
INFO: Adding alignment clade1/cluster44.fa
INFO: Found 0 sibling haplotypes for 258677285
INFO: Found 0 sibling haplotypes for 258677281
INFO: Found 0 sibling haplotypes for 258677283
INFO: Going to align 3 sequences
INFO: Adding alignment clade1/cluster45.fa
INFO: Found 1 sibling haplotypes for 4757606
INFO: Found 0 sibling haplotypes for 4757609
INFO: Found 1 sibling haplotypes for 2731407
INFO: Found 3 sibling haplotypes for 1078
INFO: Found 1 sibling haplotypes for 2731401
INFO: Found 1 sibling haplotypes for 2731414
INFO: Found 1 sibling haplotypes for 2731427
INFO: Going to align 14 sequences
INFO: Adding alignment clade1/cluster46.fa
INFO: Found 0 sibling haplotypes for 2731429
INFO: Found 0 sibling haplotypes for 2731421
INFO: Found 0 sibling haplotypes for 2731411
INFO: Found 0 sibling haplotypes for 1061
INFO: Found 0 sibling haplotypes for 2731403
INFO: Found 0 sibling haplotypes for 2731416
INFO: Found 0 sibling haplotypes for 2731424
INFO: Going to align 7 sequences
INFO: Adding alignment clade1/cluster47.fa
INFO: Found 0 sibling haplotypes for 510970
INFO: Found 0 sibling haplotypes for 2808685
INFO: Found 0 sibling haplotypes for 2911489
INFO: Going to align 3 sequences
INFO: Adding alignment clade1/cluster48.fa
INFO: Found 0 sibling haplotypes for 2828333
INFO: Found 0 sibling haplotypes for 1777300
INFO: Found 0 sibling haplotypes for 732677
INFO: Going to align 3 sequences
INFO: Adding alignment clade1/cluster49.fa
INFO: Found 0 sibling haplotypes for 28315915
INFO: Found 4 sibling haplotypes for 28315890
INFO: Found 0 sibling haplotypes for 28315960
INFO: Found 4 sibling haplotypes for 28315920
INFO: Going to align 4 sequences
INFO: Adding alignment clade1/cluster50.fa
INFO: Found 0 sibling haplotypes for 28315961
INFO: Found 4 sibling haplotypes for 28315891
INFO: Found 4 sibling haplotypes for 28315921
INFO: Found 0 sibling haplotypes for 28315916
INFO: Going to align 5 sequences
INFO: Adding alignment clade1/cluster51.fa
INFO: Found 0 sibling haplotypes for 28315917
INFO: Found 4 sibling haplotypes for 28315922
INFO: Found 0 sibling haplotypes for 28315962
INFO: Found 4 sibling haplotypes for 28315892
INFO: Going to align 5 sequences
INFO: Adding alignment clade1/cluster52.fa
INFO: Found 0 sibling haplotypes for 290490691
INFO: Found 0 sibling haplotypes for 290490687
INFO: Found 0 sibling haplotypes for 290490685
INFO: Going to align 3 sequences
INFO: Adding alignment clade1/cluster53.fa
INFO: Found 0 sibling haplotypes for 290490697
INFO: Found 0 sibling haplotypes for 290490703
INFO: Found 0 sibling haplotypes for 290490699
INFO: Going to align 3 sequences
INFO: Adding alignment clade1/cluster54.fa
INFO: Found 0 sibling haplotypes for 290490711
INFO: Found 0 sibling haplotypes for 290490715
INFO: Found 0 sibling haplotypes for 290490709
INFO: Going to align 3 sequences
INFO: Adding alignment clade1/cluster55.fa
INFO: Found 0 sibling haplotypes for 296041871
INFO: Found 9 sibling haplotypes for 296041495
INFO: Found 9 sibling haplotypes for 296041691
INFO: Found 1 sibling haplotypes for 28465693
INFO: Going to align 9 sequences
INFO: Adding alignment clade1/cluster56.fa
INFO: Found 55 sibling haplotypes for 296041801
INFO: Found 64 sibling haplotypes for 296041579
INFO: Found 58 sibling haplotypes for 296041698
INFO: Going to align 9 sequences
INFO: Adding alignment clade1/cluster57.fa
INFO: Found 0 sibling haplotypes for 30314363
INFO: Found 0 sibling haplotypes for 30314367
INFO: Found 0 sibling haplotypes for 347668310
INFO: Found 0 sibling haplotypes for 30314365
INFO: Going to align 4 sequences
INFO: Adding alignment clade1/cluster58.fa
INFO: Found 132 sibling haplotypes for 374859174
INFO: Found 2 sibling haplotypes for 306441113
INFO: Found 3 sibling haplotypes for 160373524
INFO: Going to align 8 sequences
INFO: Adding alignment clade1/cluster59.fa
INFO: Found 0 sibling haplotypes for 388482484
INFO: Found 48 sibling haplotypes for 253946829
INFO: Found 1 sibling haplotypes for 148508574
INFO: Found 0 sibling haplotypes for 346540251
INFO: Found 1 sibling haplotypes for 327419782
INFO: Found 0 sibling haplotypes for 327419778
INFO: Going to align 10 sequences
INFO: Adding alignment clade1/cluster60.fa
INFO: Found 13 sibling haplotypes for 386278484
INFO: Found 5 sibling haplotypes for 225905450
INFO: Found 1 sibling haplotypes for 29468053
INFO: Found 1 sibling haplotypes for 312193034
INFO: Going to align 9 sequences
INFO: Adding alignment clade1/cluster61.fa
INFO: Found 0 sibling haplotypes for 335885048
INFO: Found 0 sibling haplotypes for 335885050
INFO: Found 0 sibling haplotypes for 411125673
INFO: Going to align 3 sequences
INFO: Adding alignment clade1/cluster62.fa
INFO: Found 0 sibling haplotypes for 11558031
INFO: Found 1 sibling haplotypes for 33591270
INFO: Found 0 sibling haplotypes for 974806
INFO: Found 1 sibling haplotypes for 12050111
INFO: Going to align 6 sequences
INFO: Adding alignment clade1/cluster63.fa
INFO: Found 0 sibling haplotypes for 7381417
INFO: Found 0 sibling haplotypes for 347452287
INFO: Found 0 sibling haplotypes for 347452285
INFO: Going to align 3 sequences
INFO: Adding alignment clade1/cluster64.fa
INFO: Found 0 sibling haplotypes for 347666058
INFO: Found 0 sibling haplotypes for 347666062
INFO: Found 0 sibling haplotypes for 347666060
INFO: Going to align 3 sequences
INFO: Adding alignment clade1/cluster65.fa
INFO: Found 0 sibling haplotypes for 11322260
INFO: Found 0 sibling haplotypes for 6448521
INFO: Found 0 sibling haplotypes for 347666479
INFO: Going to align 3 sequences
INFO: Adding alignment clade1/cluster66.fa
INFO: Found 0 sibling haplotypes for 31558947
INFO: Found 0 sibling haplotypes for 33150952
INFO: Found 0 sibling haplotypes for 347666903
INFO: Going to align 3 sequences
INFO: Adding alignment clade1/cluster67.fa
INFO: Found 0 sibling haplotypes for 347667769
INFO: Found 0 sibling haplotypes for 347667771
INFO: Found 0 sibling haplotypes for 255928776
INFO: Going to align 3 sequences
INFO: Adding alignment clade1/cluster68.fa
INFO: Found 0 sibling haplotypes for 347668568
INFO: Found 0 sibling haplotypes for 974572
INFO: Found 0 sibling haplotypes for 347668566
INFO: Found 0 sibling haplotypes for 974560
INFO: Going to align 4 sequences
INFO: Adding alignment clade1/cluster69.fa
INFO: Found 0 sibling haplotypes for 358440353
INFO: Found 0 sibling haplotypes for 358440337
INFO: Found 0 sibling haplotypes for 358440351
INFO: Found 2 sibling haplotypes for 326321827
INFO: Found 2 sibling haplotypes for 358440347
INFO: Found 0 sibling haplotypes for 358440359
INFO: Found 0 sibling haplotypes for 358440335
INFO: Found 0 sibling haplotypes for 358440345
INFO: Found 0 sibling haplotypes for 358440343
INFO: Found 0 sibling haplotypes for 358440333
INFO: Found 0 sibling haplotypes for 358440349
INFO: Found 0 sibling haplotypes for 358440363
INFO: Found 0 sibling haplotypes for 358440341
INFO: Found 0 sibling haplotypes for 358440361
INFO: Found 0 sibling haplotypes for 358440339
INFO: Going to align 19 sequences
INFO: Adding alignment clade1/cluster70.fa
INFO: Found 0 sibling haplotypes for 358440379
INFO: Found 0 sibling haplotypes for 358440373
INFO: Found 0 sibling haplotypes for 358440371
INFO: Found 0 sibling haplotypes for 358440365
INFO: Found 0 sibling haplotypes for 358440383
INFO: Found 0 sibling haplotypes for 358440393
INFO: Found 0 sibling haplotypes for 358440367
INFO: Found 0 sibling haplotypes for 358440375
INFO: Found 0 sibling haplotypes for 358440395
INFO: Found 0 sibling haplotypes for 358440381
INFO: Found 0 sibling haplotypes for 358440377
INFO: Found 0 sibling haplotypes for 358440369
INFO: Found 0 sibling haplotypes for 358440387
INFO: Found 0 sibling haplotypes for 358440385
INFO: Found 0 sibling haplotypes for 358440397
INFO: Going to align 15 sequences
INFO: Adding alignment clade1/cluster71.fa
INFO: Found 0 sibling haplotypes for 358440461
INFO: Found 0 sibling haplotypes for 358440455
INFO: Found 0 sibling haplotypes for 358440449
INFO: Found 0 sibling haplotypes for 358440439
INFO: Found 0 sibling haplotypes for 358440437
INFO: Found 0 sibling haplotypes for 358440463
INFO: Found 0 sibling haplotypes for 358440433
INFO: Found 0 sibling haplotypes for 358440451
INFO: Found 0 sibling haplotypes for 358440465
INFO: Found 0 sibling haplotypes for 358440453
INFO: Found 0 sibling haplotypes for 358440435
INFO: Going to align 11 sequences
INFO: Adding alignment clade1/cluster72.fa
INFO: Found 0 sibling haplotypes for 358440487
INFO: Found 0 sibling haplotypes for 358440489
INFO: Found 0 sibling haplotypes for 358440479
INFO: Found 0 sibling haplotypes for 358440473
INFO: Found 0 sibling haplotypes for 358440469
INFO: Found 0 sibling haplotypes for 358440475
INFO: Found 0 sibling haplotypes for 358440485
INFO: Found 0 sibling haplotypes for 358440471
INFO: Found 0 sibling haplotypes for 358440497
INFO: Found 0 sibling haplotypes for 358440481
INFO: Found 0 sibling haplotypes for 358440499
INFO: Found 0 sibling haplotypes for 358440483
INFO: Found 0 sibling haplotypes for 358440477
INFO: Found 0 sibling haplotypes for 358440467
INFO: Found 0 sibling haplotypes for 358440495
INFO: Going to align 15 sequences
INFO: Adding alignment clade1/cluster73.fa
INFO: Found 16 sibling haplotypes for 393886017
INFO: Found 1 sibling haplotypes for 358440519
INFO: Found 0 sibling haplotypes for 358440509
INFO: Found 1 sibling haplotypes for 358440523
INFO: Found 0 sibling haplotypes for 358440515
INFO: Found 0 sibling haplotypes for 358440507
INFO: Found 1 sibling haplotypes for 358440531
INFO: Found 0 sibling haplotypes for 4929143
INFO: Found 0 sibling haplotypes for 358440505
INFO: Found 0 sibling haplotypes for 358440503
INFO: Found 0 sibling haplotypes for 358440501
INFO: Found 0 sibling haplotypes for 358440513
INFO: Found 1 sibling haplotypes for 358440533
INFO: Found 0 sibling haplotypes for 358440511
INFO: Found 1 sibling haplotypes for 358440521
INFO: Going to align 22 sequences
INFO: Adding alignment clade1/cluster74.fa
INFO: Found 0 sibling haplotypes for 358440547
INFO: Found 0 sibling haplotypes for 358440557
INFO: Found 0 sibling haplotypes for 358440535
INFO: Found 0 sibling haplotypes for 358440539
INFO: Found 0 sibling haplotypes for 358440549
INFO: Found 0 sibling haplotypes for 358440543
INFO: Found 0 sibling haplotypes for 358440563
INFO: Found 0 sibling haplotypes for 358440537
INFO: Found 0 sibling haplotypes for 358440567
INFO: Found 0 sibling haplotypes for 358440545
INFO: Found 0 sibling haplotypes for 358440555
INFO: Found 0 sibling haplotypes for 358440565
INFO: Found 0 sibling haplotypes for 358440541
INFO: Going to align 13 sequences
INFO: Adding alignment clade1/cluster75.fa
INFO: Found 0 sibling haplotypes for 358440587
INFO: Found 0 sibling haplotypes for 358440599
INFO: Found 0 sibling haplotypes for 358440581
INFO: Found 0 sibling haplotypes for 358440571
INFO: Found 0 sibling haplotypes for 358440573
INFO: Found 0 sibling haplotypes for 358440591
INFO: Found 0 sibling haplotypes for 358440569
INFO: Found 0 sibling haplotypes for 358440597
INFO: Found 0 sibling haplotypes for 358440577
INFO: Found 0 sibling haplotypes for 358440585
INFO: Found 0 sibling haplotypes for 358440601
INFO: Found 0 sibling haplotypes for 358440589
INFO: Found 0 sibling haplotypes for 358440575
INFO: Found 0 sibling haplotypes for 358440583
INFO: Found 0 sibling haplotypes for 358440579
INFO: Going to align 15 sequences
INFO: Adding alignment clade1/cluster76.fa
INFO: Found 0 sibling haplotypes for 358440607
INFO: Found 0 sibling haplotypes for 358440609
INFO: Found 0 sibling haplotypes for 358440623
INFO: Found 0 sibling haplotypes for 358440611
INFO: Found 0 sibling haplotypes for 358440625
INFO: Found 0 sibling haplotypes for 358440615
INFO: Found 0 sibling haplotypes for 358440605
INFO: Found 0 sibling haplotypes for 358440633
INFO: Found 0 sibling haplotypes for 358440603
INFO: Found 0 sibling haplotypes for 358440613
INFO: Found 0 sibling haplotypes for 358440617
INFO: Going to align 11 sequences
INFO: Adding alignment clade1/cluster77.fa
INFO: Found 0 sibling haplotypes for 358440645
INFO: Found 0 sibling haplotypes for 358440643
INFO: Found 0 sibling haplotypes for 358440649
INFO: Found 0 sibling haplotypes for 358440657
INFO: Found 0 sibling haplotypes for 358440651
INFO: Found 0 sibling haplotypes for 358440641
INFO: Found 0 sibling haplotypes for 358440659
INFO: Found 0 sibling haplotypes for 358440639
INFO: Found 0 sibling haplotypes for 358440637
INFO: Found 0 sibling haplotypes for 358440647
INFO: Found 0 sibling haplotypes for 358440667
INFO: Going to align 11 sequences
INFO: Adding alignment clade1/cluster78.fa
INFO: Found 0 sibling haplotypes for 364023690
INFO: Found 0 sibling haplotypes for 364023706
INFO: Found 0 sibling haplotypes for 364023698
INFO: Found 0 sibling haplotypes for 364023700
INFO: Found 0 sibling haplotypes for 364023705
INFO: Found 0 sibling haplotypes for 364023699
INFO: Found 0 sibling haplotypes for 364023692
INFO: Found 0 sibling haplotypes for 364023693
INFO: Found 0 sibling haplotypes for 364023695
INFO: Found 0 sibling haplotypes for 364023696
INFO: Found 0 sibling haplotypes for 364023701
INFO: Found 0 sibling haplotypes for 364023691
INFO: Found 0 sibling haplotypes for 364023697
INFO: Found 0 sibling haplotypes for 364023694
INFO: Found 0 sibling haplotypes for 364023704
INFO: Going to align 15 sequences
INFO: Adding alignment clade1/cluster79.fa
INFO: Found 1 sibling haplotypes for 365822530
INFO: Found 1 sibling haplotypes for 9717252
INFO: Found 1 sibling haplotypes for 365822526
INFO: Found 1 sibling haplotypes for 365822496
INFO: Going to align 7 sequences
INFO: Adding alignment clade1/cluster80.fa
INFO: Found 1 sibling haplotypes for 37907195
INFO: Found 1 sibling haplotypes for 37906645
INFO: Found 0 sibling haplotypes for 37906879
INFO: Found 8 sibling haplotypes for 306448326
INFO: Going to align 7 sequences
INFO: Adding alignment clade1/cluster81.fa
INFO: Found 1 sibling haplotypes for 37906786
INFO: Found 8 sibling haplotypes for 306448351
INFO: Found 0 sibling haplotypes for 37906911
INFO: Found 1 sibling haplotypes for 37907228
INFO: Going to align 8 sequences
INFO: Adding alignment clade1/cluster82.fa
INFO: Found 0 sibling haplotypes for 37906925
INFO: Found 1 sibling haplotypes for 42495317
INFO: Found 1 sibling haplotypes for 37906795
INFO: Found 8 sibling haplotypes for 306448352
INFO: Going to align 6 sequences
INFO: Adding alignment clade1/cluster83.fa
INFO: Found 15 sibling haplotypes for 335347109
INFO: Found 0 sibling haplotypes for 2226320
INFO: Found 2 sibling haplotypes for 197313083
INFO: Found 1 sibling haplotypes for 197313089
INFO: Found 1 sibling haplotypes for 2226322
INFO: Going to align 11 sequences
INFO: Adding alignment clade1/cluster84.fa
INFO: Found 3 sibling haplotypes for 49425236
INFO: Found 0 sibling haplotypes for 410613
INFO: Found 0 sibling haplotypes for 119639910
INFO: Going to align 4 sequences
INFO: Adding alignment clade1/cluster85.fa
INFO: Found 8 sibling haplotypes for 306448322
INFO: Found 1 sibling haplotypes for 37907181
INFO: Found 1 sibling haplotypes for 37906748
INFO: Found 0 sibling haplotypes for 37906868
INFO: Going to align 8 sequences
INFO: Adding alignment clade1/cluster86.fa
INFO: Found 8 sibling haplotypes for 306448334
INFO: Found 0 sibling haplotypes for 37906898
INFO: Found 1 sibling haplotypes for 37907213
INFO: Found 1 sibling haplotypes for 37906768
INFO: Going to align 8 sequences
INFO: Adding alignment clade1/cluster87.fa
INFO: Found 0 sibling haplotypes for 42521475
INFO: Found 0 sibling haplotypes for 42521479
INFO: Found 0 sibling haplotypes for 42521476
INFO: Going to align 3 sequences
INFO: Adding alignment clade1/cluster88.fa
INFO: Found 0 sibling haplotypes for 100290195
INFO: Found 0 sibling haplotypes for 100290193
INFO: Found 0 sibling haplotypes for 42525374
INFO: Going to align 3 sequences
INFO: Adding alignment clade1/cluster89.fa
INFO: Found 0 sibling haplotypes for 42525388
INFO: Found 0 sibling haplotypes for 42525376
INFO: Found 0 sibling haplotypes for 42525403
INFO: Going to align 3 sequences
INFO: Adding alignment clade1/cluster90.fa
INFO: Found 0 sibling haplotypes for 42525404
INFO: Found 0 sibling haplotypes for 42525377
INFO: Found 0 sibling haplotypes for 42525389
INFO: Going to align 3 sequences
INFO: Adding alignment clade1/cluster91.fa
INFO: Found 0 sibling haplotypes for 42525379
INFO: Found 0 sibling haplotypes for 42525394
INFO: Found 0 sibling haplotypes for 42525409
INFO: Going to align 3 sequences
INFO: Adding alignment clade1/cluster92.fa
INFO: Found 0 sibling haplotypes for 42525411
INFO: Found 0 sibling haplotypes for 42525396
INFO: Found 0 sibling haplotypes for 42525381
INFO: Going to align 3 sequences
INFO: Adding alignment clade1/cluster93.fa
INFO: Found 0 sibling haplotypes for 42525397
INFO: Found 0 sibling haplotypes for 42525412
INFO: Found 0 sibling haplotypes for 42525382
INFO: Going to align 3 sequences
INFO: Adding alignment clade1/cluster94.fa
INFO: Found 0 sibling haplotypes for 42525414
INFO: Found 0 sibling haplotypes for 42525399
INFO: Found 0 sibling haplotypes for 42525384
INFO: Going to align 3 sequences
INFO: Adding alignment clade1/cluster95.fa
INFO: Found 0 sibling haplotypes for 42525419
INFO: Found 0 sibling haplotypes for 42525418
INFO: Found 8 sibling haplotypes for 306448361
INFO: Going to align 3 sequences
INFO: Adding alignment clade1/cluster96.fa
INFO: Found 0 sibling haplotypes for 42525422
INFO: Found 0 sibling haplotypes for 42525425
INFO: Found 0 sibling haplotypes for 42525428
INFO: Going to align 3 sequences
INFO: Adding alignment clade1/cluster97.fa
INFO: Found 0 sibling haplotypes for 42525435
INFO: Found 0 sibling haplotypes for 42525440
INFO: Found 0 sibling haplotypes for 42525430
INFO: Going to align 3 sequences
INFO: Adding alignment clade1/cluster98.fa
INFO: Found 0 sibling haplotypes for 42525432
INFO: Found 0 sibling haplotypes for 42525442
INFO: Found 0 sibling haplotypes for 42525437
INFO: Going to align 3 sequences
INFO: Adding alignment clade1/cluster99.fa
INFO: Found 8 sibling haplotypes for 306448379
INFO: Found 0 sibling haplotypes for 42539956
INFO: Found 0 sibling haplotypes for 42539966
INFO: Going to align 3 sequences
INFO: Adding alignment clade1/cluster100.fa
INFO: Found 8 sibling haplotypes for 306448395
INFO: Found 0 sibling haplotypes for 42539961
INFO: Found 0 sibling haplotypes for 42539971
INFO: Going to align 5 sequences
INFO: Adding alignment clade1/cluster101.fa
INFO: Found 0 sibling haplotypes for 42525373
INFO: Found 0 sibling haplotypes for 42525385
INFO: Found 0 sibling haplotypes for 44888836
INFO: Going to align 3 sequences
INFO: Adding alignment clade1/cluster102.fa
INFO: Found 0 sibling haplotypes for 4757608
INFO: Found 0 sibling haplotypes for 4754578
INFO: Found 1 sibling haplotypes for 4757602
INFO: Going to align 4 sequences
INFO: Adding alignment clade1/cluster103.fa
INFO: Found 5 sibling haplotypes for 293653939
INFO: Found 2 sibling haplotypes for 4808200
INFO: Found 1 sibling haplotypes for 4808180
INFO: Found 4 sibling haplotypes for 4808324
INFO: Found 5 sibling haplotypes for 4808206
INFO: Going to align 14 sequences
INFO: Adding alignment clade1/cluster104.fa
INFO: Found 2 sibling haplotypes for 5107057
INFO: Found 0 sibling haplotypes for 5107047
INFO: Found 0 sibling haplotypes for 5107051
INFO: Going to align 5 sequences
INFO: Adding alignment clade1/cluster105.fa
INFO: Found 16 sibling haplotypes for 1228838
INFO: Found 4 sibling haplotypes for 2687599
INFO: Found 5 sibling haplotypes for 5813835
INFO: Going to align 9 sequences
INFO: Adding alignment clade1/cluster106.fa
INFO: Found 0 sibling haplotypes for 6224879
INFO: Found 0 sibling haplotypes for 6224877
INFO: Found 0 sibling haplotypes for 6224880
INFO: Found 0 sibling haplotypes for 6224878
INFO: Going to align 4 sequences
INFO: Adding alignment clade1/cluster107.fa
INFO: Found 0 sibling haplotypes for 23168553
INFO: Found 164 sibling haplotypes for 401761248
INFO: Found 0 sibling haplotypes for 157885802
INFO: Going to align 5 sequences
INFO: Adding alignment clade1/cluster108.fa
INFO: Found 2 sibling haplotypes for 358440417
INFO: Found 0 sibling haplotypes for 358440399
INFO: Found 1 sibling haplotypes for 358440401
INFO: Found 3 sibling haplotypes for 358440407
INFO: Found 35 sibling haplotypes for 358440413
INFO: Found 0 sibling haplotypes for 358440421
INFO: Found 2 sibling haplotypes for 159459823
INFO: Found 0 sibling haplotypes for 11558035
INFO: Found 3 sibling haplotypes for 358440427
INFO: Found 1 sibling haplotypes for 358440405
INFO: Found 382 sibling haplotypes for 183181340
INFO: Found 46 sibling haplotypes for 269114242
INFO: Found 1 sibling haplotypes for 12948
INFO: Found 5 sibling haplotypes for 285014596
INFO: Found 253 sibling haplotypes for 238065646
INFO: Found 0 sibling haplotypes for 358440411
INFO: Found 0 sibling haplotypes for 358440429
INFO: Going to align 35 sequences
INFO: Adding alignment clade1/cluster109.fa
INFO: Found 0 sibling haplotypes for 89574138
INFO: Found 0 sibling haplotypes for 89574140
INFO: Found 0 sibling haplotypes for 89574142
INFO: Going to align 3 sequences
INFO: Adding alignment clade1/cluster110.fa
INFO: Found 0 sibling haplotypes for 89574190
INFO: Found 0 sibling haplotypes for 89574188
INFO: Found 0 sibling haplotypes for 89574192
INFO: Going to align 3 sequences
INFO: Adding alignment clade1/cluster111.fa
INFO: Found 1 sibling haplotypes for 91075910
INFO: Found 0 sibling haplotypes for 91075906
INFO: Found 1 sibling haplotypes for 283100194
INFO: Found 1 sibling haplotypes for 283100200
INFO: Found 0 sibling haplotypes for 157885803
INFO: Going to align 7 sequences
INFO: Adding alignment clade1/cluster112.fa
INFO: Found 2 sibling haplotypes for 209962232
INFO: Found 0 sibling haplotypes for 99083528
INFO: Found 4 sibling haplotypes for 209962228
INFO: Going to align 6 sequences
INFO: Found more alignments for clade than CLADE_MAX_MARKERS. Using the first 10 largest alignments.
INFO: Writing marker summary table to ./clade1/clade1-markers.tsv
INFO: Marker summary table written to ./clade1/clade1-markers.tsv
INFO: Going to write file ./clade1/clade1.xml
INFO: Wrote outfile ./clade1/clade1.xml
INFO: DONE
WARN: Chain length 25000000 seems very low, are you just testing?
INFO: This is SUPERSMART release v0.1.34
INFO: Setting beast template file to /proj/riseandfall/deps/supersmart/data/BEAST/starbeast.xml
INFO: Setting beast executable to beast
INFO: Setting chain length to 25000000
INFO: Setting sampling frequency to 1000
INFO: Setting logging frequency to 1000
INFO: Setting seed from Bio::SUPERSMART::Config=HASH(0x1c2c798): 1234
WARN: Inconsistent directory structure, missing: ./clade0/clade0.xml
WARN: not overwriting previous input file ./clade1/clade1-beast-in.xml

                  BEAST v1.8.0, 2002-2013
       Bayesian Evolutionary Analysis Sampling Trees
                 Designed and developed by
   Alexei J. Drummond, Andrew Rambaut and Marc A. Suchard
                              
               Department of Computer Science
                   University of Auckland
                  alexei@cs.auckland.ac.nz
                              
             Institute of Evolutionary Biology
                  University of Edinburgh
                     a.rambaut@ed.ac.uk
                              
              David Geffen School of Medicine
           University of California, Los Angeles
                     msuchard@ucla.edu
                              
                Downloads, Help & Resources:
                 	http://beast.bio.ed.ac.uk
                              
Source code distributed under the GNU Lesser General Public License:
            	http://code.google.com/p/beast-mcmc
                              
                     BEAST developers:
	Alex Alekseyenko, Guy Baele, Trevor Bedford, Filip Bielejec, Erik Bloomquist, Matthew Hall,
	Joseph Heled, Sebastian Hoehna, Denise Kuehnert, Philippe Lemey, Wai Lok Sibon Li,
	Gerton Lunter, Sidney Markowitz, Vladimir Minin, Michael Defoin Platel,
          	Oliver Pybus, Chieh-Hsi Wu, Walter Xie
                              
                         Thanks to:
    	Roald Forsberg, Beth Shapiro and Korbinian Strimmer

Using BEAGLE library v2.1.2 for accelerated, parallel likelihood evaluation
2009-2013, BEAGLE Working Group - http://beagle-lib.googlecode.com/
Citation: Ayres et al (2012) Systematic Biology 61: 170-173 | doi:10.1093/sysbio/syr100



Random number seed: 1234


Parsing XML file: clade1-beast-in.xml
  File encoding: UTF8
Looking for plugins in /proj/riseandfall/analysis/tree-inference/mammals/orders/perissodactyla/TEST/plugins
Read alignment: clade1/cluster64.fa
  Sequences = 30
      Sites = 1721
   Datatype = nucleotide
Site patterns 'clade1/cluster64.fa.patterns' created from positions 1-1721 of alignment 'clade1/cluster64.fa'
  unique pattern count = 163
Creating the tree model, 'clade1/cluster64.fa.treeModel'
  initial tree topology = (((((((((taxon_30582_1,taxon_56117_1),taxon_9805_3),taxon_9807_3),taxon_9801_1),taxon_9794_1),taxon_9794_2),((((((taxon_9791_2,taxon_9793_3),taxon_9798_1),(taxon_9793_2,taxon_9805_2)),(taxon_94398_2,taxon_9805_1)),taxon_9807_1),taxon_9807_2)),((taxon_9790_2,taxon_9792_1),(taxon_9793_1,taxon_9796_1))),((((((taxon_89632_1,taxon_9809_1),taxon_9796_2),taxon_9798_2),(taxon_94398_1,taxon_9796_3)),((taxon_9790_1,taxon_9802_1),taxon_9792_2)),taxon_9791_1))
  tree height = 0.012456183218458778
Using strict molecular clock model.
Creating state frequencies model 'clade1/cluster64.fa.frequencies': Using empirical frequencies from data = {0.15685, 0.34998, 0.25994, 0.23323}
Creating HKY substitution model. Initial kappa = 2.0
Creating site model: 
  4 category discrete gamma with initial shape = 0.5
Using BEAGLE TreeLikelihood
  Branch rate model used: strictClockBranchRates
  Using BEAGLE resource 0: CPU
    with instance flags:  PRECISION_DOUBLE COMPUTATION_SYNCH EIGEN_REAL SCALING_MANUAL SCALERS_RAW VECTOR_SSE THREADING_NONE PROCESSOR_CPU FRAMEWORK_CPU
  Ignoring ambiguities in tree likelihood.
  With 163 unique site patterns.
  Using rescaling scheme : dynamic (rescaling every 100 evaluations)
Read alignment: clade1/cluster60.fa
  Sequences = 30
      Sites = 765
   Datatype = nucleotide
Site patterns 'clade1/cluster60.fa.patterns' created from positions 1-765 of alignment 'clade1/cluster60.fa'
  unique pattern count = 76
Creating the tree model, 'clade1/cluster60.fa.treeModel'
  initial tree topology = ((((((((taxon_89632_1,taxon_94398_1),taxon_9807_3),(taxon_9790_1,taxon_9796_2)),taxon_9801_1),((taxon_9791_1,taxon_9794_1),taxon_94398_2)),taxon_9807_1),((((((taxon_9796_3,taxon_9805_2),taxon_9805_3),(taxon_30582_1,taxon_9796_1)),taxon_9809_1),(((taxon_9790_2,taxon_9794_2),taxon_56117_1),(taxon_9793_2,taxon_9802_1))),(((taxon_9793_3,taxon_9807_2),taxon_9798_2),((taxon_9798_1,taxon_9805_1),taxon_9792_2)))),((taxon_9791_2,taxon_9792_1),taxon_9793_1))
  tree height = 0.021140126750740985
Using strict molecular clock model.
Creating state frequencies model 'clade1/cluster60.fa.frequencies': Using empirical frequencies from data = {0.24974, 0.24425, 0.24714, 0.25887}
Creating HKY substitution model. Initial kappa = 2.0
Creating site model: 
  4 category discrete gamma with initial shape = 0.5
Using BEAGLE TreeLikelihood
  Branch rate model used: strictClockBranchRates
  Using BEAGLE resource 0: CPU
    with instance flags:  PRECISION_DOUBLE COMPUTATION_SYNCH EIGEN_REAL SCALING_MANUAL SCALERS_RAW VECTOR_SSE THREADING_NONE PROCESSOR_CPU FRAMEWORK_CPU
  Ignoring ambiguities in tree likelihood.
  With 76 unique site patterns.
  Using rescaling scheme : dynamic (rescaling every 100 evaluations)
Read alignment: clade1/cluster33.fa
  Sequences = 30
      Sites = 288
   Datatype = nucleotide
Site patterns 'clade1/cluster33.fa.patterns' created from positions 1-288 of alignment 'clade1/cluster33.fa'
  unique pattern count = 43
Creating the tree model, 'clade1/cluster33.fa.treeModel'
  initial tree topology = ((((((((((taxon_9793_2,taxon_9805_2),taxon_9796_3),taxon_9791_2),((taxon_9796_1,taxon_9805_3),taxon_9790_1)),(taxon_9798_1,taxon_9801_1)),(taxon_9792_1,taxon_9807_1)),((taxon_9790_2,taxon_9802_1),taxon_9794_2)),((taxon_9793_3,taxon_9798_2),taxon_9809_1)),(((taxon_9796_2,taxon_9807_2),taxon_94398_2),taxon_94398_1)),(((((taxon_56117_1,taxon_9805_1),taxon_9793_1),taxon_9791_1),taxon_9794_1),((taxon_30582_1,taxon_89632_1),(taxon_9792_2,taxon_9807_3))))
  tree height = 0.008237683111454704
Using strict molecular clock model.
Creating state frequencies model 'clade1/cluster33.fa.frequencies': Using empirical frequencies from data = {0.26632, 0.19342, 0.27639, 0.26387}
Creating HKY substitution model. Initial kappa = 2.0
Creating site model: 
  4 category discrete gamma with initial shape = 0.5
Using BEAGLE TreeLikelihood
  Branch rate model used: strictClockBranchRates
  Using BEAGLE resource 0: CPU
    with instance flags:  PRECISION_DOUBLE COMPUTATION_SYNCH EIGEN_REAL SCALING_MANUAL SCALERS_RAW VECTOR_SSE THREADING_NONE PROCESSOR_CPU FRAMEWORK_CPU
  Ignoring ambiguities in tree likelihood.
  With 43 unique site patterns.
  Using rescaling scheme : dynamic (rescaling every 100 evaluations)
Read alignment: clade1/cluster61.fa
  Sequences = 30
      Sites = 994
   Datatype = nucleotide
Site patterns 'clade1/cluster61.fa.patterns' created from positions 1-994 of alignment 'clade1/cluster61.fa'
  unique pattern count = 109
Creating the tree model, 'clade1/cluster61.fa.treeModel'
  initial tree topology = ((((((((((((taxon_9792_1,taxon_9796_2),taxon_9793_1),taxon_94398_2),((taxon_9790_2,taxon_9791_2),taxon_9796_1)),taxon_56117_1),taxon_9798_1),taxon_9794_1),((taxon_9793_3,taxon_9796_3),taxon_9792_2)),taxon_9798_2),taxon_9805_1),(((((taxon_9807_1,taxon_9809_1),taxon_9801_1),taxon_9807_2),(taxon_9805_2,taxon_9807_3)),((taxon_9791_1,taxon_9794_2),taxon_9802_1))),(((taxon_30582_1,taxon_9793_2),taxon_9805_3),((taxon_89632_1,taxon_94398_1),taxon_9790_1)))
  tree height = 0.007898717960148396
Using strict molecular clock model.
Creating state frequencies model 'clade1/cluster61.fa.frequencies': Using empirical frequencies from data = {0.36311, 0.17776, 0.22553, 0.2336}
Creating HKY substitution model. Initial kappa = 2.0
Creating site model: 
  4 category discrete gamma with initial shape = 0.5
Using BEAGLE TreeLikelihood
  Branch rate model used: strictClockBranchRates
  Using BEAGLE resource 0: CPU
    with instance flags:  PRECISION_DOUBLE COMPUTATION_SYNCH EIGEN_REAL SCALING_MANUAL SCALERS_RAW VECTOR_SSE THREADING_NONE PROCESSOR_CPU FRAMEWORK_CPU
  Ignoring ambiguities in tree likelihood.
  With 109 unique site patterns.
  Using rescaling scheme : dynamic (rescaling every 100 evaluations)
Read alignment: clade1/cluster63.fa
  Sequences = 30
      Sites = 272
   Datatype = nucleotide
Site patterns 'clade1/cluster63.fa.patterns' created from positions 1-272 of alignment 'clade1/cluster63.fa'
  unique pattern count = 24
Creating the tree model, 'clade1/cluster63.fa.treeModel'
  initial tree topology = ((((((((taxon_9791_1,taxon_9793_2),taxon_94398_2),taxon_9796_2),((taxon_9790_2,taxon_9794_2),(taxon_9792_2,taxon_9809_1))),((taxon_56117_1,taxon_9791_2),taxon_9793_3)),(((((taxon_9792_1,taxon_9794_1),taxon_9793_1),taxon_9798_1),(taxon_94398_1,taxon_9807_1)),(((taxon_30582_1,taxon_9802_1),taxon_9805_1),((taxon_9796_1,taxon_9807_2),taxon_9805_3)))),taxon_9801_1),((((taxon_9790_1,taxon_9796_3),taxon_9805_2),(taxon_89632_1,taxon_9807_3)),taxon_9798_2))
  tree height = 0.004620346107030553
Using strict molecular clock model.
Creating state frequencies model 'clade1/cluster63.fa.frequencies': Using empirical frequencies from data = {0.2872, 0.22842, 0.24504, 0.23934}
Creating HKY substitution model. Initial kappa = 2.0
Creating site model: 
  4 category discrete gamma with initial shape = 0.5
Using BEAGLE TreeLikelihood
  Branch rate model used: strictClockBranchRates
  Using BEAGLE resource 0: CPU
    with instance flags:  PRECISION_DOUBLE COMPUTATION_SYNCH EIGEN_REAL SCALING_MANUAL SCALERS_RAW VECTOR_SSE THREADING_NONE PROCESSOR_CPU FRAMEWORK_CPU
  Ignoring ambiguities in tree likelihood.
  With 24 unique site patterns.
  Using rescaling scheme : dynamic (rescaling every 100 evaluations)
Read alignment: clade1/cluster66.fa
  Sequences = 30
      Sites = 547
   Datatype = nucleotide
Site patterns 'clade1/cluster66.fa.patterns' created from positions 1-547 of alignment 'clade1/cluster66.fa'
  unique pattern count = 34
Creating the tree model, 'clade1/cluster66.fa.treeModel'
  initial tree topology = ((((((((taxon_9805_1,taxon_9805_3),taxon_94398_1),(taxon_9790_2,taxon_9809_1)),((taxon_9794_1,taxon_9802_1),taxon_9805_2)),(((taxon_9793_3,taxon_9807_2),taxon_9796_1),((taxon_9798_1,taxon_9807_1),taxon_9793_2))),((taxon_9796_2,taxon_9807_3),taxon_89632_1)),(((taxon_30582_1,taxon_9794_2),(taxon_9791_2,taxon_9793_1)),((taxon_94398_2,taxon_9790_1),taxon_9792_1))),((((taxon_9791_1,taxon_9792_2),taxon_9796_3),(taxon_56117_1,taxon_9801_1)),taxon_9798_2))
  tree height = 0.005262278349390609
Using strict molecular clock model.
Creating state frequencies model 'clade1/cluster66.fa.frequencies': Using empirical frequencies from data = {0.25505, 0.30202, 0.19743, 0.2455}
Creating HKY substitution model. Initial kappa = 2.0
Creating site model: 
  4 category discrete gamma with initial shape = 0.5
Using BEAGLE TreeLikelihood
  Branch rate model used: strictClockBranchRates
  Using BEAGLE resource 0: CPU
    with instance flags:  PRECISION_DOUBLE COMPUTATION_SYNCH EIGEN_REAL SCALING_MANUAL SCALERS_RAW VECTOR_SSE THREADING_NONE PROCESSOR_CPU FRAMEWORK_CPU
  Ignoring ambiguities in tree likelihood.
  With 34 unique site patterns.
  Using rescaling scheme : dynamic (rescaling every 100 evaluations)
Read alignment: clade1/cluster69.fa
  Sequences = 30
      Sites = 1094
   Datatype = nucleotide
Site patterns 'clade1/cluster69.fa.patterns' created from positions 1-1094 of alignment 'clade1/cluster69.fa'
  unique pattern count = 174
Creating the tree model, 'clade1/cluster69.fa.treeModel'
  initial tree topology = (((((((((taxon_9790_1,taxon_9793_1),taxon_9802_1),taxon_9791_2),taxon_9809_1),taxon_9792_1),(taxon_9798_1,taxon_9805_2)),taxon_9794_2),(((((taxon_9791_1,taxon_9805_1),(taxon_9792_2,taxon_9798_2)),taxon_94398_2),((taxon_9793_2,taxon_9796_3),taxon_9807_1)),((taxon_30582_1,taxon_9807_2),(taxon_89632_1,taxon_94398_1)))),((((((taxon_56117_1,taxon_9805_3),(taxon_9790_2,taxon_9793_3)),taxon_9796_2),taxon_9794_1),taxon_9807_3),(taxon_9796_1,taxon_9801_1)))
  tree height = 0.004555501413628617
Using strict molecular clock model.
Creating state frequencies model 'clade1/cluster69.fa.frequencies': Using empirical frequencies from data = {0.29014, 0.18745, 0.19783, 0.32458}
Creating HKY substitution model. Initial kappa = 2.0
Creating site model: 
  4 category discrete gamma with initial shape = 0.5
Using BEAGLE TreeLikelihood
  Branch rate model used: strictClockBranchRates
  Using BEAGLE resource 0: CPU
    with instance flags:  PRECISION_DOUBLE COMPUTATION_SYNCH EIGEN_REAL SCALING_MANUAL SCALERS_RAW VECTOR_SSE THREADING_NONE PROCESSOR_CPU FRAMEWORK_CPU
  Ignoring ambiguities in tree likelihood.
  With 174 unique site patterns.
  Using rescaling scheme : dynamic (rescaling every 100 evaluations)
Read alignment: clade1/cluster40.fa
  Sequences = 30
      Sites = 1429
   Datatype = nucleotide
Site patterns 'clade1/cluster40.fa.patterns' created from positions 1-1429 of alignment 'clade1/cluster40.fa'
  unique pattern count = 147
Creating the tree model, 'clade1/cluster40.fa.treeModel'
  initial tree topology = (((((((((taxon_9796_1,taxon_9801_1),taxon_56117_1),taxon_9794_2),((taxon_9791_2,taxon_9802_1),taxon_9793_2)),taxon_9796_3),((taxon_9805_1,taxon_9805_2),taxon_30582_1)),(taxon_9798_1,taxon_9807_3)),(((taxon_9792_2,taxon_9793_3),taxon_9796_2),taxon_9798_2)),((((((taxon_9792_1,taxon_9805_3),taxon_94398_2),(taxon_9794_1,taxon_9809_1)),((taxon_9790_2,taxon_9791_1),taxon_9793_1)),taxon_89632_1),(((taxon_94398_1,taxon_9807_1),taxon_9807_2),taxon_9790_1)))
  tree height = 0.006602055116985311
Using strict molecular clock model.
Creating state frequencies model 'clade1/cluster40.fa.frequencies': Using empirical frequencies from data = {0.16214, 0.36907, 0.30912, 0.15968}
Creating HKY substitution model. Initial kappa = 2.0
Creating site model: 
  4 category discrete gamma with initial shape = 0.5
Using BEAGLE TreeLikelihood
  Branch rate model used: strictClockBranchRates
  Using BEAGLE resource 0: CPU
    with instance flags:  PRECISION_DOUBLE COMPUTATION_SYNCH EIGEN_REAL SCALING_MANUAL SCALERS_RAW VECTOR_SSE THREADING_NONE PROCESSOR_CPU FRAMEWORK_CPU
  Ignoring ambiguities in tree likelihood.
  With 147 unique site patterns.
  Using rescaling scheme : dynamic (rescaling every 100 evaluations)
Read alignment: clade1/cluster65.fa
  Sequences = 30
      Sites = 390
   Datatype = nucleotide
Site patterns 'clade1/cluster65.fa.patterns' created from positions 1-390 of alignment 'clade1/cluster65.fa'
  unique pattern count = 23
Creating the tree model, 'clade1/cluster65.fa.treeModel'
  initial tree topology = ((((((((taxon_89632_1,taxon_9792_1),taxon_9794_1),((taxon_94398_2,taxon_9790_2),taxon_9798_2)),taxon_9805_1),((((taxon_9796_3,taxon_9807_3),taxon_9793_1),taxon_9796_2),((taxon_9798_1,taxon_9809_1),taxon_9807_1))),(((taxon_9792_2,taxon_9801_1),taxon_9791_1),(taxon_9791_2,taxon_9796_1))),(((taxon_30582_1,taxon_9802_1),(taxon_9790_1,taxon_9807_2)),(taxon_9793_2,taxon_9793_3))),(((taxon_56117_1,taxon_9794_2),taxon_9805_3),(taxon_94398_1,taxon_9805_2)))
  tree height = 0.004381854782421855
Using strict molecular clock model.
Creating state frequencies model 'clade1/cluster65.fa.frequencies': Using empirical frequencies from data = {0.27653, 0.30651, 0.21302, 0.20394}
Creating HKY substitution model. Initial kappa = 2.0
Creating site model: 
  4 category discrete gamma with initial shape = 0.5
Using BEAGLE TreeLikelihood
  Branch rate model used: strictClockBranchRates
  Using BEAGLE resource 0: CPU
    with instance flags:  PRECISION_DOUBLE COMPUTATION_SYNCH EIGEN_REAL SCALING_MANUAL SCALERS_RAW VECTOR_SSE THREADING_NONE PROCESSOR_CPU FRAMEWORK_CPU
  Ignoring ambiguities in tree likelihood.
  With 23 unique site patterns.
  Using rescaling scheme : dynamic (rescaling every 100 evaluations)
Read alignment: clade1/cluster62.fa
  Sequences = 30
      Sites = 533
   Datatype = nucleotide
Site patterns 'clade1/cluster62.fa.patterns' created from positions 1-533 of alignment 'clade1/cluster62.fa'
  unique pattern count = 50
Creating the tree model, 'clade1/cluster62.fa.treeModel'
  initial tree topology = (((((((((taxon_9790_2,taxon_9807_1),taxon_9790_1),taxon_9796_1),(taxon_9794_2,taxon_9807_3)),(taxon_94398_1,taxon_9805_1)),taxon_9798_2),taxon_9809_1),(((((taxon_9791_2,taxon_9807_2),(taxon_9793_2,taxon_9794_1)),taxon_9801_1),(((taxon_9796_2,taxon_9805_2),taxon_9793_1),taxon_56117_1)),(taxon_9793_3,taxon_9796_3))),((((taxon_30582_1,taxon_9791_1),taxon_9798_1),((taxon_9792_1,taxon_9792_2),taxon_9805_3)),((taxon_89632_1,taxon_9802_1),taxon_94398_2)))
  tree height = 0.010505568012079755
Using strict molecular clock model.
Creating state frequencies model 'clade1/cluster62.fa.frequencies': Using empirical frequencies from data = {0.22623, 0.31992, 0.27741, 0.17644}
Creating HKY substitution model. Initial kappa = 2.0
Creating site model: 
  4 category discrete gamma with initial shape = 0.5
Using BEAGLE TreeLikelihood
  Branch rate model used: strictClockBranchRates
  Using BEAGLE resource 0: CPU
    with instance flags:  PRECISION_DOUBLE COMPUTATION_SYNCH EIGEN_REAL SCALING_MANUAL SCALERS_RAW VECTOR_SSE THREADING_NONE PROCESSOR_CPU FRAMEWORK_CPU
  Ignoring ambiguities in tree likelihood.
  With 50 unique site patterns.
  Using rescaling scheme : dynamic (rescaling every 100 evaluations)
Using birth-death model on tree: Gernhard T (2008) J Theor Biol, Volume 253, Issue 4, Pages 769-778 In press
Likelihood computation is using an auto sizing thread pool.
Creating the MCMC chain:
  chainLength=25000000
  autoOptimize=true
  autoOptimize delayed for 250000 steps

Operator analysis
Operator                                          Tuning   Count      Time     Time/Op  Pr(accept) 
scale(clade1/cluster64.fa.alpha)                  0.239   2479       672      0.27     0.4139      
scale(clade1/cluster64.fa.kappa)                  0.468   2606       718      0.28     0.3312      
clade1/cluster64.fa.frequencies                   0.051   24653      6598     0.27     0.2583      
subtreeSlide(clade1/cluster64.fa.treeModel)       0.001   375615     61267    0.16     0.2021      
Narrow Exchange(clade1/cluster64.fa.treeModel)            375578     49598    0.13     0.3488      
Wide Exchange(clade1/cluster64.fa.treeModel)              74856      2889     0.04     0.0391      
wilsonBalding(clade1/cluster64.fa.treeModel)              74684      8247     0.11     0.0313      
scale(clade1/cluster64.fa.treeModel.rootHeight)   0.561   75456      12009    0.16     0.2593      
uniform(nodeHeights(clade1/cluster64.fa.treeModel))        751268     144182   0.19     0.4402      
up:down:nodeHeights(clade1/cluster64.fa.treeModel) 0.791   75502      17915    0.24     0.2195      
scale(clade1/cluster60.fa.alpha)                  0.219   2531       580      0.23     0.4034      
scale(clade1/cluster60.fa.kappa)                  0.336   2582       560      0.22     0.33        
clade1/cluster60.fa.frequencies                   0.075   24849      5511     0.22     0.2698      
subtreeSlide(clade1/cluster60.fa.treeModel)       0.0     376392     56583    0.15     0.1515      
Narrow Exchange(clade1/cluster60.fa.treeModel)            376939     41221    0.11     0.4299      
Wide Exchange(clade1/cluster60.fa.treeModel)              74922      2432     0.03     0.0725      
wilsonBalding(clade1/cluster60.fa.treeModel)              75348      6114     0.08     0.0578      
scale(clade1/cluster60.fa.treeModel.rootHeight)   0.448   75042      12318    0.16     0.2627      
uniform(nodeHeights(clade1/cluster60.fa.treeModel))        751790     130364   0.17     0.5457      
scale(clade1/cluster60.fa.clock.rate)             0.455   75166      16220    0.22     0.2675      
up:clade1/cluster60.fa.clock.rate down:nodeHeights(clade1/cluster60.fa.treeModel) 0.833   75258      13396    0.18     0.2305      
scale(clade1/cluster33.fa.alpha)                  0.229   2513       448      0.18     0.4011      
scale(clade1/cluster33.fa.kappa)                  0.282   2675       546      0.2      0.3103      
clade1/cluster33.fa.frequencies                   0.11    25070      4891     0.2      0.2949      
subtreeSlide(clade1/cluster33.fa.treeModel)       0.0     375994     55615    0.15     0.1499      
Narrow Exchange(clade1/cluster33.fa.treeModel)            376054     40634    0.11     0.3983      
Wide Exchange(clade1/cluster33.fa.treeModel)              75533      2376     0.03     0.0358      
wilsonBalding(clade1/cluster33.fa.treeModel)              75312      6270     0.08     0.0476      
scale(clade1/cluster33.fa.treeModel.rootHeight)   0.339   75457      11681    0.15     0.2869      
uniform(nodeHeights(clade1/cluster33.fa.treeModel))        751974     126006   0.17     0.5601      
scale(clade1/cluster33.fa.clock.rate)             0.391   75441      14903    0.2      0.292       
up:clade1/cluster33.fa.clock.rate down:nodeHeights(clade1/cluster33.fa.treeModel) 0.835   74688      12456    0.17     0.2206      
scale(clade1/cluster61.fa.alpha)                  0.24    2569       652      0.25     0.3566      
scale(clade1/cluster61.fa.kappa)                  0.431   2550       627      0.25     0.3184      
clade1/cluster61.fa.frequencies                   0.06    25121      6030     0.24     0.2906      
subtreeSlide(clade1/cluster61.fa.treeModel)       0.0     375821     59648    0.16     0.1371      
Narrow Exchange(clade1/cluster61.fa.treeModel)            374796     44752    0.12     0.381       
Wide Exchange(clade1/cluster61.fa.treeModel)              74709      2625     0.04     0.0645      
wilsonBalding(clade1/cluster61.fa.treeModel)              74950      6856     0.09     0.0569      
scale(clade1/cluster61.fa.treeModel.rootHeight)   0.536   74800      11931    0.16     0.2398      
uniform(nodeHeights(clade1/cluster61.fa.treeModel))        750748     137271   0.18     0.5073      
scale(clade1/cluster61.fa.clock.rate)             0.581   74737      17954    0.24     0.2562      
up:clade1/cluster61.fa.clock.rate down:nodeHeights(clade1/cluster61.fa.treeModel) 0.802   75201      14075    0.19     0.215       
scale(clade1/cluster63.fa.alpha)                  0.219   2431       437      0.18     0.3813      
scale(clade1/cluster63.fa.kappa)                  0.236   2568       494      0.19     0.3279      
clade1/cluster63.fa.frequencies                   0.116   25037      4755     0.19     0.3021      
subtreeSlide(clade1/cluster63.fa.treeModel)       0.0     375512     55014    0.15     0.1612      
Narrow Exchange(clade1/cluster63.fa.treeModel)            375617     39907    0.11     0.4686      
Wide Exchange(clade1/cluster63.fa.treeModel)              75061      2351     0.03     0.0844      
wilsonBalding(clade1/cluster63.fa.treeModel)              75459      6181     0.08     0.0696      
scale(clade1/cluster63.fa.treeModel.rootHeight)   0.369   75838      11897    0.16     0.2935      
uniform(nodeHeights(clade1/cluster63.fa.treeModel))        751773     124475   0.17     0.5601      
scale(clade1/cluster63.fa.clock.rate)             0.313   75061      14153    0.19     0.263       
up:clade1/cluster63.fa.clock.rate down:nodeHeights(clade1/cluster63.fa.treeModel) 0.829   75290      12050    0.16     0.2306      
scale(clade1/cluster66.fa.alpha)                  0.194   2459       457      0.19     0.3782      
scale(clade1/cluster66.fa.kappa)                  0.294   2512       485      0.19     0.3523      
clade1/cluster66.fa.frequencies                   0.085   25021      4833     0.19     0.2784      
subtreeSlide(clade1/cluster66.fa.treeModel)       0.0     376693     56624    0.15     0.16        
Narrow Exchange(clade1/cluster66.fa.treeModel)            375526     39802    0.11     0.4678      
Wide Exchange(clade1/cluster66.fa.treeModel)              75135      2460     0.03     0.0816      
wilsonBalding(clade1/cluster66.fa.treeModel)              75164      6115     0.08     0.0691      
scale(clade1/cluster66.fa.treeModel.rootHeight)   0.518   75224      10552    0.14     0.2691      
uniform(nodeHeights(clade1/cluster66.fa.treeModel))        752179     127581   0.17     0.5495      
scale(clade1/cluster66.fa.clock.rate)             0.384   74591      14466    0.19     0.2785      
up:clade1/cluster66.fa.clock.rate down:nodeHeights(clade1/cluster66.fa.treeModel) 0.822   75508      12367    0.16     0.2296      
scale(clade1/cluster69.fa.alpha)                  0.288   2555       756      0.3      0.3288      
scale(clade1/cluster69.fa.kappa)                  0.494   2626       778      0.3      0.2711      
clade1/cluster69.fa.frequencies                   0.056   25101      7251     0.29     0.276       
subtreeSlide(clade1/cluster69.fa.treeModel)       0.0     376440     63568    0.17     0.1344      
Narrow Exchange(clade1/cluster69.fa.treeModel)            375879     49025    0.13     0.379       
Wide Exchange(clade1/cluster69.fa.treeModel)              74843      2891     0.04     0.0561      
wilsonBalding(clade1/cluster69.fa.treeModel)              75519      7670     0.1      0.0497      
scale(clade1/cluster69.fa.treeModel.rootHeight)   0.636   75332      13339    0.18     0.2587      
uniform(nodeHeights(clade1/cluster69.fa.treeModel))        749760     149777   0.2      0.4866      
scale(clade1/cluster69.fa.clock.rate)             0.633   75577      21490    0.28     0.2278      
up:clade1/cluster69.fa.clock.rate down:nodeHeights(clade1/cluster69.fa.treeModel) 0.825   75085      16142    0.21     0.216       
scale(clade1/cluster40.fa.alpha)                  0.214   2604       705      0.27     0.409       
scale(clade1/cluster40.fa.kappa)                  0.391   2436       625      0.26     0.3173      
clade1/cluster40.fa.frequencies                   0.051   25008      6843     0.27     0.2752      
subtreeSlide(clade1/cluster40.fa.treeModel)       0.0     375644     62341    0.17     0.1558      
Narrow Exchange(clade1/cluster40.fa.treeModel)            375706     47264    0.13     0.4362      
Wide Exchange(clade1/cluster40.fa.treeModel)              75118      2820     0.04     0.052       
wilsonBalding(clade1/cluster40.fa.treeModel)              75303      7580     0.1      0.0653      
scale(clade1/cluster40.fa.treeModel.rootHeight)   0.384   74742      13382    0.18     0.374       
uniform(nodeHeights(clade1/cluster40.fa.treeModel))        752232     145841   0.19     0.5375      
scale(clade1/cluster40.fa.clock.rate)             0.547   75718      20457    0.27     0.2673      
up:clade1/cluster40.fa.clock.rate down:nodeHeights(clade1/cluster40.fa.treeModel) 0.83    75083      15831    0.21     0.2271      
scale(clade1/cluster65.fa.alpha)                  0.23    2555       494      0.19     0.3875      
scale(clade1/cluster65.fa.kappa)                  0.34    2508       480      0.19     0.384       
clade1/cluster65.fa.frequencies                   0.097   25232      4991     0.2      0.2892      
subtreeSlide(clade1/cluster65.fa.treeModel)       0.0     375687     56309    0.15     0.1359      
Narrow Exchange(clade1/cluster65.fa.treeModel)            377158     40747    0.11     0.4618      
Wide Exchange(clade1/cluster65.fa.treeModel)              75087      2379     0.03     0.0839      
wilsonBalding(clade1/cluster65.fa.treeModel)              75167      6154     0.08     0.0714      
scale(clade1/cluster65.fa.treeModel.rootHeight)   0.436   75155      11368    0.15     0.2439      
uniform(nodeHeights(clade1/cluster65.fa.treeModel))        751890     129056   0.17     0.5445      
scale(clade1/cluster65.fa.clock.rate)             0.373   74630      14441    0.19     0.2603      
up:clade1/cluster65.fa.clock.rate down:nodeHeights(clade1/cluster65.fa.treeModel) 0.828   75307      12174    0.16     0.2147      
scale(clade1/cluster62.fa.alpha)                  0.248   2484       549      0.22     0.4287      
scale(clade1/cluster62.fa.kappa)                  0.297   2593       547      0.21     0.3386      
clade1/cluster62.fa.frequencies                   0.084   25166      5345     0.21     0.2832      
subtreeSlide(clade1/cluster62.fa.treeModel)       0.0     375927     58642    0.16     0.149       
Narrow Exchange(clade1/cluster62.fa.treeModel)            375677     43711    0.12     0.4686      
Wide Exchange(clade1/cluster62.fa.treeModel)              75127      2586     0.03     0.0664      
wilsonBalding(clade1/cluster62.fa.treeModel)              75079      6613     0.09     0.0692      
scale(clade1/cluster62.fa.treeModel.rootHeight)   0.391   74848      12981    0.17     0.2925      
uniform(nodeHeights(clade1/cluster62.fa.treeModel))        752662     134938   0.18     0.5621      
scale(clade1/cluster62.fa.clock.rate)             0.424   75228      16173    0.21     0.266       
up:clade1/cluster62.fa.clock.rate down:nodeHeights(clade1/cluster62.fa.treeModel) 0.819   74994      13176    0.18     0.2147      
up:clade1/cluster60.fa.clock.rate clade1/cluster33.fa.clock.rate clade1/cluster61.fa.clock.rate clade1/cluster63.fa.clock.rate clade1/cluster66.fa.clock.rate clade1/cluster69.fa.clock.rate clade1/cluster40.fa.clock.rate clade1/cluster65.fa.clock.rate clade1/cluster62.fa.clock.rate species.birthDeath.meanGrowthRate down:speciesTree species.popMean speciesTree.splitPopSize nodeHeights(clade1/cluster64.fa.treeModel) nodeHeights(clade1/cluster60.fa.treeModel) nodeHeights(clade1/cluster33.fa.treeModel) nodeHeights(clade1/cluster61.fa.treeModel) nodeHeights(clade1/cluster63.fa.treeModel) nodeHeights(clade1/cluster66.fa.treeModel) nodeHeights(clade1/cluster69.fa.treeModel) nodeHeights(clade1/cluster40.fa.treeModel) nodeHeights(clade1/cluster65.fa.treeModel) nodeHeights(clade1/cluster62.fa.treeModel) 0.595   750896     426363   0.57     0.2319      
scale(species.birthDeath.relativeDeathRate)       0.852   74890      5296     0.07     0.371       
scale(speciesTree.splitPopSize)                   0.165   2350996    313019   0.13     0.2443      
scale(species.popMean)                            0.587   125264     12436    0.1      0.2653      
scale(species.birthDeath.meanGrowthRate)          0.223   75666      7709     0.1      0.2839      
nodeReHeight(sptree,species)                              2353928    312853   0.13     0.4304      

INFO: done with clade1. trees are in ./clade1/clade1.nex, log is in ./clade1/clade1.log
INFO: DONE.
INFO: This is SUPERSMART release v0.1.34
INFO: Read backbone ./consensus.nex
INFO: Grafting all clades in working directory .
INFO: Processing clade0
WARN: could not find file ./clade0/clade0.nex for clade clade0, skip grafting
INFO: Processing clade1
JRI not available. Using Java bivariate attributes

              TreeAnnotator v1.8.0, 2002-2013
                    MCMC Output analysis
                             by
           Andrew Rambaut and Alexei J. Drummond

             Institute of Evolutionary Biology
                  University of Edinburgh
                     a.rambaut@ed.ac.uk

               Department of Computer Science
                   University of Auckland
                  alexei@cs.auckland.ac.nz


Please cite: Heled and Bouckaert: Looking for trees in the forest:
summary tree from posterior samples. BMC Evolutionary Biology 2013 13:221.
Reading trees (bar assumes 10,000 trees)...
0              25             50             75            100
|--------------|--------------|--------------|--------------|
******************************************************************************************************************************************************

Total trees read: 25001
Ignoring first 2500 trees.
Total unique clades: 717

Finding maximum credibility tree...
Analyzing 22501 trees...
0              25             50             75            100
|--------------|--------------|--------------|--------------|
************************************************************

Best tree: STATE_18937000 (tree number 18938)
Highest Log Clade Credibility: -8.886789820163095
Collecting node information...
0              25             50             75            100
|--------------|--------------|--------------|--------------|
************************************************************

Annotating target tree...
Setting node heights...
0              25             50             75            100
|--------------|--------------|--------------|--------------|
************************************************************

Writing annotated tree....
INFO: Wrote tree in figtree format to file ./clade1/clade1-consensus.dnd.
INFO: No outgroup file found for clade clade1
INFO: Found shared taxon: 9809
INFO: Found shared taxon: 89632
INFO: Found shared taxon: 9796
INFO: Found shared taxon: 9802
INFO: Found shared taxon: 9793
INFO: Found shared taxon: 9801
INFO: Found shared taxon: 9805
INFO: Found shared taxon: 9807
INFO: Found 8 backbone exemplars
INFO: Found 8 clade exemplars
INFO: Backbone MRCA is calibration point (46.2..50.3)
INFO: Clade depth: 0.000197055216149577 ((9809:0.000029,89632:0.000029):0.000168,(((9796:0.000004,9798:0.000004):0.000087,(((9792:0.000010,9791:0.000010):0.000002,(94398:0.000008,9794:0.000008):0.000005):0.000005,(9793:0.000013,9790:0.000013):0.000004):0.000073):0.000093,(((30582:0.000037,9801:0.000037):0.000007,56117:0.000044):0.000104,((9805:0.000014,9807:0.000014):0.000072,9802:0.000086):0.000062):0.000036):0.000013);
INFO: Backbone MRCA depth: 51.912861 (((((9796:17.241416,(216182:8.719964,703571:8.719964):8.521452):2.931805,9793:20.173221):25.569734,((102233:28.613589,9809:28.613589):11.970397,((9807:31.989357,9805:31.989357):5.505043,(89632:31.061903,222863:31.061903):6.432497):3.089586):5.158970):5.097123,9801:50.840079):1.072782,9802:51.912861):5.346674;
INFO: Replacing root Bio::Phylo::Forest::Node=SCALAR(0x5fb77d0) with backbone MRCA
INFO: Grafted node Bio::Phylo::Forest::Node=SCALAR(0x445d240) onto backbone MRCA
INFO: Grafted node Bio::Phylo::Forest::Node=SCALAR(0x60c4f18) onto backbone MRCA
INFO: Wrote tree in figtree format to file ./final.nex.
INFO: DONE, results written to ./final.nex
