it	posterior	prior	PP_lik	BD_lik	q_0	q_1	q_2	q_3	q_4
0	-97220.724936372091	-243.31092665054544	-85527.280927193933	-11450.133082527609	0.32413667026824255	0.32413667026824255	0.32413667026824255	0.32413667026824255	0.32413667026824255
10000	-68994.00041147595	-202.25422060400058	-59549.607303521479	-9242.1388873504766	0.23357418304332142	0.23203803283505831	0.47983562232174781	0.3715436608056264	0.36543361723189455
20000	-59603.827342632205	-204.32991191702652	-50258.927620372604	-9140.5698103425748	0.09694725202837684	0.18077662009221621	0.47549872193558601	0.31744664601367911	0.28664726308959138
30000	-56367.491156948701	-263.58294704732299	-47038.688374062614	-9065.2198358387614	0.082196037805490771	0.13073087549764331	0.21368752641367031	0.72457123839058146	0.37178909885867656
40000	-55021.934257075125	-443.44883450394678	-45569.342497498379	-9009.1429250727961	0.052384503298352085	0.17186124648174506	0.13798095668234783	0.43490662941167968	0.44218979314428225
50000	-54709.891646911245	-567.94669525676682	-45171.351687660615	-8970.5932639938619	0.053028167357900641	0.17233686148554775	0.16303681808946163	0.49281321614922036	0.46922423432942778
60000	-54662.650775192364	-605.60734574534956	-45099.00556792695	-8958.0378615200607	0.053915163038989355	0.12903179240105858	0.18203975043375142	0.46009825416113537	0.66479674785816745
70000	-54460.180192119478	-606.85740977051125	-44911.947245116215	-8941.3755372327505	0.043131979849473548	0.11448927450024764	0.19279384134701233	0.45838086143090745	0.61161246322421681
80000	-54433.996176401	-605.54677055347804	-44887.781244236248	-8940.6681616112764	0.053255968754420936	0.14116202101220565	0.16139203642246605	0.42638751765067884	0.44864401433862022
90000	-54294.805434206486	-631.7380994189981	-44741.198164325877	-8921.869170461614	0.057785762404011787	0.15175731599592365	0.10929965523599867	0.34947535267734448	0.54058170511110804
100000	-54146.500346127832	-616.99081307591325	-44635.31772580184	-8894.1918072500775	0.097274494916913035	0.15576300482317992	0.11626351260307576	0.23492902177643973	0.4848013654993068
110000	-54087.623228616096	-611.03178468179192	-44604.464589018113	-8872.1268549161905	0.11102773678256461	0.15707015096366767	0.10855443751908517	0.24375355586315667	0.42848332766560898
120000	-54094.627630941322	-608.33099062493557	-44602.811690592513	-8883.4849497238756	0.1027726793198024	0.12086491978719933	0.1268930176305359	0.18790215225450768	0.53382016098387397
130000	-54047.161999561744	-612.77537097457855	-44558.025278950678	-8876.3613496364851	0.16694748337178034	0.08227401670746147	0.099999947199420611	0.13709807781209149	0.46168566283013601
140000	-54019.607264645165	-586.95577074180142	-44574.60159302532	-8858.0499008780462	0.15060040913484277	0.073382349963911714	0.10522258426130747	0.13420967129578223	0.36632937599085236
150000	-53973.276444429852	-593.23037218182969	-44519.588970873483	-8860.4571013745372	0.15268993963507546	0.073215193233394149	0.11818109107041883	0.11948971834414335	0.25563911596833971
160000	-53923.967267751228	-610.91252977363933	-44469.143508847541	-8843.911229130048	0.090099825275589587	0.086029415686649707	0.13770642860467311	0.084994912836674708	0.26102745958929607
170000	-53959.267501916744	-589.60714167395452	-44516.9634688441	-8852.6968913986857	0.068402831738070241	0.07017426995238453	0.12680740793613762	0.081021112669206252	0.39176991803793781
180000	-53963.373423053948	-620.18664220908909	-44485.202178732419	-8857.9846021124395	0.059295488856439892	0.055722310194954404	0.13370223428847258	0.063174065334525062	0.32943836256753484
190000	-53947.383057322295	-605.44199560807363	-44489.956649891988	-8851.9844118222318	0.061090353837930191	0.067574815060306617	0.10915714663130929	0.043151720635307644	0.36166475917468771
200000	-53996.77508326494	-605.89964582040398	-44520.587379951954	-8870.2880574925803	0.051976153071003221	0.071858403283103042	0.12501723975460277	0.043859574955068426	0.462900131778886
210000	-53985.493422975807	-592.15986036397283	-44537.838173245364	-8855.4953893664715	0.043830549934498891	0.093578406925317159	0.15901514036389697	0.043406421189026941	0.36293747185564768
220000	-54013.147481411354	-602.52608940611333	-44554.329282368853	-8856.2921096363862	0.037940790757912214	0.085228741343398987	0.12097201278281923	0.045364007239479712	0.34120681006748449
230000	-54016.219012310095	-590.80619993902485	-44568.488749646858	-8856.9240627242107	0.039417620663395408	0.095088881230636788	0.16501254940925653	0.050321455319486945	0.46637572769246916
240000	-53936.697049093498	-594.14756970784924	-44494.212762626819	-8848.3367167588294	0.036622668630166014	0.070808695654366011	0.17112745189264131	0.058099526844698032	0.48254011731349805
250000	-53934.120249040607	-589.31382778493628	-44499.614032792284	-8845.192388463387	0.035783622184099362	0.062979812357643633	0.19892159754745131	0.046738490613948358	0.4470344698524526
260000	-53901.541621600765	-606.65459332304795	-44460.654425425208	-8834.2326028525131	0.034729623145454039	0.06661935486437412	0.19444501901904154	0.053053093687278084	0.34305895079965604
270000	-53824.66814135902	-591.54267962184269	-44404.694450054492	-8828.4310116826819	0.030401287710025017	0.078033014339280823	0.15462232604185103	0.034513705758454839	0.23330596846181595
280000	-53861.944494407966	-613.55608855019148	-44417.107815672149	-8831.2805901856264	0.034104581479963127	0.082727199808812477	0.14466486216498814	0.03058035846302282	0.23452106461196454
290000	-53928.015986517945	-581.55664803672585	-44497.77187800275	-8848.687460478468	0.046638864834179256	0.077582700162957097	0.13120671110572765	0.027402511373437029	0.27538148621478215
300000	-53857.463707261224	-595.67364030061583	-44427.43532574104	-8834.3547412195694	0.053385065373446915	0.063539943640335023	0.11920266989547222	0.021318455834908354	0.28121171708397497
310000	-53811.747982186789	-590.78715566034839	-44379.603760777332	-8841.3570657491073	0.05421547513962844	0.059117655605142524	0.11688352376362419	0.029591241859433657	0.27324291687980734
320000	-53800.319289512758	-616.52906576333066	-44355.55974045927	-8828.2304832901573	0.044297395711965087	0.053439676463843164	0.088910599166549698	0.031447112278599698	0.30335952969795682
330000	-53810.696823018763	-613.92552327350552	-44370.799586155059	-8825.9717135901956	0.040279184036140663	0.063318334888568098	0.066500193336372165	0.039775936778476628	0.2346240329913582
340000	-53962.845897618841	-573.56873090784836	-44536.322122967234	-8852.9550437437574	0.049896176018086859	0.081833345136925084	0.073376908122132448	0.067495180601156279	0.19960260067704785
350000	-53913.426604426291	-576.42215249770777	-44510.846592319074	-8826.157859609506	0.039911124086865965	0.055827106969590298	0.073982115601104556	0.071095749737891747	0.17454793077437489
360000	-53856.749569952786	-593.10767006142135	-44430.257988913814	-8833.3839109775508	0.035702988180373055	0.04927405258889947	0.080693885413551159	0.060202194099682235	0.18086045777839302
370000	-53859.118051422709	-598.61391675195341	-44428.263039009311	-8832.2410956614476	0.039361952693417655	0.044707290329753388	0.071462670449686974	0.05438568482583183	0.18959515652817632
380000	-53833.717475037243	-600.0941922687274	-44413.08736091225	-8820.5359218562662	0.054014564061311457	0.036296839197185474	0.09704947825594093	0.0461023745485592	0.1149586282137743
390000	-53882.269090517315	-615.87135839215114	-44443.576306515461	-8822.8214256097053	0.072255111001740313	0.034915859519410529	0.096294327348664041	0.051117290633052648	0.1208995359623545
400000	-53848.548717445687	-610.38368576445714	-44418.112173257694	-8820.0528584235362	0.088201636399267452	0.033639630136712541	0.092749356262355948	0.050964718256092986	0.097910047040572282
410000	-53876.312323459722	-591.80806359340875	-44455.556496008714	-8828.9477638575991	0.094941631403477694	0.031490582938527543	0.079350400443860158	0.054166611523574527	0.097765881310967376
420000	-53883.717524926753	-608.6622145186185	-44444.856539358007	-8830.1987710501271	0.098895051275677978	0.043126661034556653	0.079314929151569347	0.036514300252863958	0.096020131311590942
430000	-53849.902476534764	-595.75229795572363	-44424.879179616299	-8829.2709989627401	0.074855115868279962	0.047747145599003671	0.10155511212805696	0.03755791683062483	0.1184664283121459
440000	-53849.746024273692	-607.7106268894056	-44419.155800118868	-8822.8795972654189	0.086216899538144515	0.041547814747715628	0.11722174641662975	0.041953485884202196	0.15096301626418188
450000	-53790.824439010052	-602.0907583077103	-44371.609264342536	-8817.1244163598021	0.088556979588916007	0.049505943130023856	0.10385103592165454	0.025602668833970076	0.1673048614310878
460000	-53789.905186799777	-600.03554855382868	-44377.279067601514	-8812.5905706444319	0.085589657371379801	0.039428572546489807	0.098399062729211478	0.025650083131303653	0.14777921845033978
470000	-53807.154406698486	-577.00346096016062	-44413.084149833034	-8817.0667959052953	0.099437326381207669	0.042064442362826124	0.1602441846066506	0.024402114894752889	0.12238200091211711
480000	-53825.368346021714	-609.50022148427104	-44400.209836839538	-8815.6582876979082	0.098263371996778301	0.062963395570191275	0.11914111014078098	0.032804307305998738	0.14873277514775832
490000	-53808.159643696286	-589.56171604848714	-44400.831337085634	-8817.7665905621616	0.10607691236135401	0.05024281106547996	0.10378633921313392	0.030556079805760208	0.14094566113520915
500000	-53809.57822004809	-625.01913055269108	-44370.142760625138	-8814.4163288702621	0.11490697177860323	0.059486606612222943	0.12964094373262852	0.040994594964834707	0.1285587922078493
510000	-53847.033574977788	-599.76087709220621	-44428.480405877832	-8818.7922920077472	0.082478484304752575	0.071126155636106289	0.11676206629810827	0.048788394159586107	0.12351572340716686
520000	-53830.035675150881	-594.83871442353075	-44418.765605398556	-8816.4313553287939	0.093633108186190847	0.050671079717426175	0.10420425764052539	0.057990122592213471	0.11190322534575964
530000	-53753.304754530487	-579.94560813310306	-44367.836026337915	-8805.5231200594717	0.099933920951259622	0.054243108220898353	0.11926768593796643	0.043949079963847885	0.097830922442374235
540000	-53799.819728896851	-622.59217507021071	-44347.750760758601	-8829.4767930680391	0.085183810442014091	0.057257824525973666	0.13843716877683973	0.04695192657504537	0.083043214405128962
550000	-53786.750717701114	-603.79646921397932	-44367.63400756022	-8815.3202409269143	0.088809040317652049	0.053691542504719365	0.11823524060165123	0.033533700163231837	0.073309183486090529
560000	-53839.75223619007	-582.7913981909312	-44428.30663946554	-8828.6541985336007	0.098483318515459231	0.047427489482342537	0.1545581341348673	0.026622242046175984	0.066233206202330655
570000	-53822.327468178468	-582.27771856320476	-44421.871531059296	-8818.1782185559641	0.086749861970590286	0.045578965390100541	0.13842317502558063	0.024912781795387254	0.069041744174354436
580000	-53831.786041802276	-586.39667348310491	-44436.89869108134	-8808.4906772378308	0.080536569802026059	0.05775272649549712	0.13651349534220744	0.035589852366503701	0.088679948065123262
590000	-53754.96620004093	-590.90220313182238	-44367.635811889399	-8796.4281850197076	0.081870666758634039	0.054658363380277922	0.1336327123874177	0.027755748837616036	0.083009068066536906
600000	-53726.332498121206	-617.09802622312714	-44302.530623568542	-8806.7038483295401	0.077612464527813826	0.051530289449021549	0.12580452598427119	0.041491458040118639	0.050849503989327936
610000	-53686.855384697228	-583.8264193136373	-44285.78759876058	-8817.2413666230132	0.10275131730211375	0.04723241682501176	0.11537138026316442	0.041624530390907487	0.047866448347162284
620000	-53602.164007274536	-595.10751636317843	-44228.81899329189	-8778.2374976194697	0.10924086032871508	0.039890349405487746	0.10301891121344095	0.041047133606141012	0.057230443701948949
630000	-53662.918237039572	-582.6302881237483	-44302.468282757145	-8777.8196661586771	0.11214491981637628	0.041484850442355933	0.10521793637006702	0.050623789922487034	0.044373659892176343
640000	-53619.187396357222	-587.86021956354875	-44259.787477452024	-8771.5396993416507	0.13259442663928428	0.04568782692666936	0.10361378475390942	0.058802030016080031	0.045734531780229654
650000	-53639.89878524356	-599.93821116971435	-44255.036991028544	-8784.9235830453035	0.10430558114007671	0.030938089616139298	0.077661747217746283	0.066646380363259081	0.039525830167814455
660000	-53642.451319025291	-601.2150419083473	-44246.742260356797	-8794.4940167601453	0.16341708753595455	0.037901891155741156	0.07407604157415322	0.055227127482484324	0.045899896882361672
670000	-53729.439643467638	-584.74103764300571	-44349.729667760854	-8794.9689380637792	0.17553896844158715	0.050907174079093107	0.069518055727653336	0.051676065434591092	0.052807775091726197
680000	-53737.036142553581	-604.55977369067671	-44339.206873203242	-8793.2694956596606	0.18598440716456779	0.058714088831697077	0.059229387618428143	0.042735408286829576	0.057537943186363016
690000	-53824.714100828933	-596.77458730221679	-44413.003696836415	-8814.9358166903039	0.17167026675181554	0.046083153561147318	0.063619095667192621	0.036764329931225831	0.059668417339151722
700000	-53778.468904718568	-587.08432255209652	-44392.109695685474	-8799.2748864809982	0.16128812809785806	0.048896442429257989	0.059248251126666145	0.038434318023714067	0.057955834712849076
710000	-53711.455378149338	-586.5845323381759	-44317.157675500108	-8807.7131703110572	0.16917889343966341	0.063704866551081374	0.057780155571866783	0.046794489747854912	0.059859419944995121
720000	-53704.563082783752	-586.50894507763473	-44321.323842593039	-8796.7302951130769	0.13530379393170713	0.052949289602303939	0.052703297125853532	0.045845947139364782	0.06023019769616389
730000	-53739.089236645312	-576.76350656779391	-44370.319316408728	-8792.006413668787	0.11024738443264728	0.069604765582290326	0.042288457285062253	0.034395391288007469	0.052951620122048841
740000	-53738.886659483534	-591.72505094286487	-44339.467913368149	-8807.693695172522	0.10811231297465798	0.061927562555574155	0.045045555909828693	0.038804715290059709	0.053283544503407013
750000	-53793.210736615758	-599.35912712405741	-44379.833758340494	-8814.0178511512058	0.076594992137170748	0.057039819783770734	0.039166657784811494	0.040214034433427789	0.051657858709353979
760000	-53715.10311884158	-586.17961583620388	-44346.670199581895	-8782.2533034234802	0.071359382330658014	0.05248492095786117	0.038055477080696808	0.051143550315891059	0.060531033178458045
770000	-53803.02194304132	-589.64274502706257	-44410.956659296673	-8802.4225387175829	0.081198122637255829	0.049778622861374508	0.034411634527716145	0.059121109517459511	0.057683281990991563
780000	-53762.267176576439	-602.5879508937719	-44361.216848740878	-8798.4623769417885	0.062517638648637505	0.05570620709266276	0.036854114438279725	0.054765102792726637	0.070183111998860237
790000	-53836.54596460997	-590.34508897094133	-44424.325620073258	-8821.8752555657702	0.081310567252082827	0.06387589869255933	0.032764444260321712	0.055003667436266987	0.078338724367958371
800000	-53845.152795341914	-597.83624655774952	-44427.412959581263	-8819.9035892028987	0.075595323878197646	0.065506391643949224	0.033827155353721244	0.060924628241392935	0.063870759903666793
810000	-53841.570706292929	-584.54945415994678	-44434.154819404677	-8822.8664327283041	0.075147036455042157	0.048195791374320618	0.039079196758894756	0.064599668671813743	0.042722086735441055
820000	-53824.187534227131	-595.63765413471845	-44415.136231130047	-8813.4136489623634	0.074678841162643173	0.050061146799047378	0.048235961179937274	0.051398781533546677	0.038604876921948521
830000	-53840.535388457713	-590.48442740075757	-44419.375584902627	-8830.6753761543296	0.07740830986125545	0.038028212639421501	0.057461087567080786	0.069328378950965774	0.052828249808080152
840000	-53779.775191721936	-578.34278576320878	-44373.94876107492	-8827.4836448838032	0.062228214917055519	0.036646727202353166	0.075960999070134524	0.067572868995182583	0.061741410652629572
850000	-53706.270912634318	-594.45529942868154	-44298.20789731387	-8813.6077158917687	0.06681559170599162	0.038055653088954755	0.064375985468120137	0.081765178306358377	0.074438946459000399
860000	-53711.242952209228	-589.05183265489188	-44314.725439432048	-8807.4656801222882	0.073360415673415821	0.029415287689464779	0.081920826084234247	0.15126531517019443	0.10925529256203029
870000	-53691.966769434854	-576.4811269527687	-44314.347075319507	-8801.1385671625758	0.074043650109392789	0.028320022779269042	0.087175614439661042	0.11025242509050673	0.11696316998844267
880000	-53702.72676084836	-594.14525211115813	-44304.856659333047	-8803.724849404156	0.11499707239261092	0.027867766402150322	0.068035659575467616	0.10451476948152967	0.086530461111075416
890000	-53728.140972839363	-586.32708162469396	-44335.263369972352	-8806.5505212423159	0.10877395565198987	0.030437392127730032	0.060440107060389131	0.13516100566894088	0.083504889056915318
900000	-53746.754598432439	-588.30062683114261	-44340.650396154648	-8817.8035754466473	0.10676337189852506	0.030653598973392045	0.053161592563558555	0.116084183161863	0.081799335107972493
910000	-53711.68763561808	-592.5389595244892	-44330.201436789066	-8788.9472393045216	0.087431127947297765	0.029219342533213587	0.066523960361235007	0.11324126852932706	0.091029864634882995
920000	-53770.442971355624	-603.39492581471518	-44360.543824932203	-8806.5042206087019	0.09351682706247362	0.02769532785771513	0.072868817499866428	0.13063265703926299	0.086286300039698588
930000	-53785.382458104032	-562.03704747894426	-44414.102966362945	-8809.2424442621414	0.070118052166634609	0.037189997196664298	0.06496693608360013	0.10822402397038436	0.084353179095367617
940000	-53768.397148866301	-602.36727857204676	-44358.873004033667	-8807.156866260586	0.05665366814526468	0.038042148275377878	0.095654523509201672	0.11210612085721322	0.084757484812331016
950000	-53798.464654462681	-612.18041308039233	-44375.791571846436	-8810.4926695358517	0.051026214588000406	0.041143781239506266	0.099240404968582732	0.12533723945724271	0.072847738666488124
960000	-53838.037071708255	-587.39495028584281	-44448.358454625471	-8802.2836667969386	0.054753211316696651	0.035231699824320714	0.094652059211292633	0.12210000706249569	0.06494124732349843
970000	-53734.850866501867	-616.16219074362766	-44323.388539666099	-8795.3001360921407	0.046319666796213452	0.038689330824408827	0.11363327887487699	0.12739487693304397	0.081497465001357822
980000	-53659.284139868483	-604.90751464360676	-44263.409891607022	-8790.9667336178536	0.036431114677017658	0.043733200723042737	0.087736043518220355	0.12144063624672355	0.084335506392455753
990000	-53666.04636161797	-594.44551144785351	-44277.009952406515	-8794.5908977635991	0.03867840252295468	0.044566608835103445	0.079528143663781622	0.11543820249357437	0.10723178358068845
1000000	-53735.276305529485	-591.94554173364884	-44341.072967958324	-8802.2577958375114	0.034364790795280459	0.04172788929647718	0.068679828750445121	0.095074001606943057	0.11433626274012994
1010000	-53790.305244384261	-579.08235824898304	-44402.423232590401	-8808.7996535448765	0.035925031815859404	0.037185474990444167	0.068509348282023319	0.10308148243293726	0.10869701674681308
1020000	-53802.6582688489	-571.5828600446589	-44412.769353439566	-8818.3060553646719	0.034081324706907161	0.039368519899094047	0.074793907392519426	0.1153862676858854	0.10796914664437368
1030000	-53781.458309392205	-587.85203939933183	-44385.726239346433	-8807.88003064644	0.045115455936343404	0.039191319435042601	0.088345375233522636	0.1302778217954243	0.10466922727107698
1040000	-53829.296443088337	-613.29166132809974	-44397.79939916484	-8818.205382595399	0.044286429889868431	0.03352629862032596	0.079075352560688802	0.15778628159152092	0.065435441956662843
1050000	-53823.920355855262	-593.02654781868432	-44424.336886091638	-8806.5569219449389	0.033795225868797546	0.030644113283085837	0.059510784951363839	0.16785025864344608	0.078503727299885001
1060000	-53914.551556140759	-601.74613898220059	-44485.745741040446	-8827.059676118115	0.041336544762324193	0.027075149292502262	0.040214841250363509	0.16859776941528926	0.050649447922986528
1070000	-53880.384960709765	-581.0956010451988	-44488.066865692876	-8811.2224939716907	0.041574140502161377	0.023018157004332379	0.037497031862662629	0.16685601497096303	0.044406457831294384
1080000	-53852.770588576095	-579.22446459863204	-44462.599384715948	-8810.9467392615115	0.075733355347427214	0.025966771053145599	0.038003969727379613	0.12040030786154451	0.037360722295131772
1090000	-53781.210766935765	-606.38171629030819	-44371.414361060175	-8803.4146895852828	0.088029889818529841	0.020744918398642224	0.046710132869277561	0.15904844024878209	0.041663965679198736
1100000	-53719.067161199178	-606.84403855712117	-44317.562652021399	-8794.6604706206563	0.086327582761962937	0.02129303111163967	0.046253048802936368	0.10821081477966055	0.025566053984449538
1110000	-53739.137927735843	-583.25025329572395	-44352.89612400085	-8802.9915504392702	0.10354876026332235	0.024128708645564684	0.047790406162458325	0.1390904965186433	0.01773689014596589
1120000	-53820.482798323581	-605.70543010894892	-44405.678349355876	-8809.099018858753	0.078187044147109114	0.032831598005045586	0.062964858729427572	0.12335953562979567	0.021746075057849874
1130000	-53790.208977074355	-592.20702449905059	-44402.697177680071	-8795.3047748952304	0.083371045071764002	0.024608250752661782	0.066548142739725841	0.12658717018722762	0.030157584594938117
1140000	-53770.087698187162	-596.20285918762443	-44366.155260370637	-8807.7295786289033	0.08396747488974117	0.0235409994190856	0.063769842411699723	0.088493783233778586	0.027976027336433177
1150000	-53896.111578212745	-592.49234761693197	-44477.51096708027	-8826.1082635155399	0.08798809162855821	0.024149012432193775	0.073335862380328715	0.069048298202972452	0.028494474074351451
1160000	-53849.170991090396	-608.26577753453569	-44421.925948012489	-8818.9792655433703	0.067427628967590914	0.023789342492921261	0.068903617571250297	0.048828459050143706	0.02910174814878401
1170000	-53817.76778827903	-594.28162961497731	-44420.561560651899	-8802.9245980121559	0.1122051027827205	0.028808585094156871	0.086524780177665697	0.046231898205830381	0.028648944985829532
1180000	-53817.761288039801	-569.76855577127799	-44445.008860096292	-8802.9838721722335	0.11615820284384429	0.029227753412052231	0.11643330085586112	0.05192625998445171	0.031016141283123942
1190000	-53795.494644881233	-594.85556454039261	-44402.606193632048	-8798.0328867087956	0.10053088112859716	0.021682156262954774	0.11961405246018461	0.075485420078273593	0.032572539707051915
1200000	-53819.836335207117	-606.84774089873883	-44407.959982162647	-8805.028612145732	0.11773474430724569	0.0251320925414871	0.14540781103244962	0.086027962781722075	0.037157190806703461
1210000	-53818.451049647694	-596.18506045871493	-44411.177540788092	-8811.0884484008857	0.12014016648276152	0.023581140495356808	0.11993540452131389	0.092423264592608287	0.045714887219226875
1220000	-53816.238525914632	-581.92767614943239	-44426.553143988371	-8807.7577057768285	0.12264564880523612	0.023644744451944921	0.11726440374915083	0.071060390216462627	0.043979782990514069
1230000	-53897.289570530949	-576.7392063888625	-44499.815189745328	-8820.7351743967592	0.13729282888872876	0.025669715893322433	0.13231509694784838	0.087450179670911926	0.0397374379569213
1240000	-53882.124794802941	-610.51872537288784	-44453.546911646947	-8818.0591577831074	0.13411546727857671	0.027222632145994709	0.11516255174229355	0.097620025128282453	0.043291721601936367
1250000	-53946.3635234311	-581.7882994727189	-44542.265048084504	-8822.3101758738776	0.11550276632869515	0.0320691899433675	0.12246965469123676	0.092819863873350478	0.033349298427839395
1260000	-53884.564551315685	-582.6139141990941	-44476.332256254973	-8825.6183808616188	0.13973007852769567	0.032521702021198855	0.10180310504631009	0.1210848801794074	0.034051088088385119
1270000	-53940.434194015637	-565.11249424317305	-44547.969614273345	-8827.352085499122	0.20058652536659308	0.032530596846798973	0.1536936942012978	0.1317645673850836	0.029991129331060497
1280000	-53928.197733552195	-582.41983563953522	-44508.988734772181	-8836.7891631404782	0.19321831594427546	0.030175892314182953	0.12453021753821764	0.14208883943784464	0.030102002056069166
1290000	-53878.629628216855	-605.33749090885431	-44453.676359242483	-8819.6157780655194	0.17667954526099949	0.036346338945924345	0.11429354708781225	0.17436169452004635	0.031185070971654977
1300000	-53844.63149286007	-591.48331890946679	-44428.049626769163	-8825.098547181442	0.14617363600367753	0.026236516732222746	0.098378687020901981	0.16296462477851884	0.032856753657793066
1310000	-53783.690781230172	-593.68253482651778	-44375.730397851577	-8814.2778485520757	0.1304102483155653	0.027888413124259867	0.11662705230595324	0.16971783182904046	0.030795256186679189
1320000	-53774.586894032334	-601.26133434983637	-44358.440687421338	-8814.8848722611583	0.11298230180114785	0.032652478106578613	0.14627717274619303	0.15532853873508926	0.034610506381715346
1330000	-53777.522150959383	-574.99770666245468	-44382.502959054123	-8820.0214852428035	0.1212559936155255	0.043521626315279359	0.12881544105734383	0.19536528944280951	0.033417634533700107
1340000	-53812.230017683592	-627.28838142211634	-44360.10362063643	-8824.8380156250496	0.14354086064181007	0.037974976157323086	0.13212482416174168	0.15998939538317669	0.029847542538116442
1350000	-53821.638207937169	-607.67073721288796	-44397.455980447092	-8816.5114902771893	0.17287630845637675	0.043876194464024673	0.11106881058778575	0.16926140058394679	0.02914945517694811
1360000	-53849.668222989727	-585.05086458308278	-44446.14246557642	-8818.4748928302215	0.15144175763412762	0.053741254667878421	0.096735928946684924	0.17004636249522381	0.032538175585224052
1370000	-53858.839438796254	-610.86418961225706	-44430.799962756872	-8817.1752864271257	0.13153267464430757	0.057172441928353732	0.12339906883159873	0.14452376755993807	0.023660518524384333
1380000	-53774.945018683597	-601.20767929367628	-44356.825904811369	-8816.9114345785492	0.14026488897635148	0.064478678304031103	0.10423402335325321	0.13139941264056765	0.021032873000343677
1390000	-53830.000480844828	-605.03995457029509	-44410.216938252423	-8814.7435880221092	0.11184666299035681	0.052415871226257536	0.064095523381036301	0.12857149336744111	0.013594731341737692
1400000	-53843.971211868688	-601.73562336728014	-44411.34525354678	-8830.8903349546235	0.16984631863167168	0.054454515787327566	0.061488455351556823	0.090423561976704106	0.015314401146456009
1410000	-53781.527706734298	-589.10255313731204	-44387.512367575415	-8804.912786021574	0.13118722327858029	0.065852140832990375	0.069435241895481101	0.082123753062539495	0.013077255982895985
1420000	-53815.312884659186	-619.78833730933741	-44374.601095872633	-8820.9234514772179	0.104717408487075	0.059381731542144323	0.063341484782387603	0.090986832965386441	0.015276468139866169
1430000	-53815.329500448213	-588.64588517914433	-44412.220679428225	-8814.462935840842	0.10994262837241055	0.074281165802301388	0.079406111717194638	0.097294676029404392	0.013039273969988779
1440000	-53831.90063534848	-596.84802897989118	-44416.423644198578	-8818.6289621700125	0.081352221925810098	0.070463637052998671	0.11955889041943792	0.0960927270264679	0.013437498669739579
1450000	-53742.68257228037	-598.6932434109674	-44340.078841361959	-8803.9104875074408	0.059501650975676626	0.078232680985100639	0.13720732641523406	0.05961937705955582	0.01259939623093323
1460000	-53756.68044744197	-606.28431146936236	-44349.983589032738	-8800.4125469398714	0.068240241248316486	0.068778075105343131	0.14934012582848161	0.076641991912415969	0.0088986602535779929
1470000	-53790.600245618145	-581.93964750031478	-44397.516591791551	-8811.144006326278	0.065995361932229379	0.066456449568553233	0.084797051937899742	0.059758076948499224	0.0088006826671813785
1480000	-53799.244982148666	-594.04208049028421	-44394.508432292823	-8810.6944693655605	0.059400680462248077	0.077737251079274733	0.082828327426330089	0.073250711951623457	0.0092647133265183115
1490000	-53838.049660195553	-590.16640677763019	-44434.341177725488	-8813.5420756924359	0.071295655705171573	0.074183570141051119	0.11025574784364574	0.053731667815959748	0.0093135680620985983
1500000	-53850.959927295153	-609.66960593207625	-44416.352704916921	-8824.9376164461573	0.088316381935525906	0.064687581107155084	0.082387864654951654	0.06345297690974909	0.0073303432704524499
1510000	-53783.425001067124	-591.21064684437135	-44372.817475222953	-8819.3968789997962	0.081477261106270668	0.06825799382304934	0.10196406397259002	0.057348159322744945	0.006928088664447044
1520000	-53783.151720947164	-583.7834540574828	-44383.193586625304	-8816.1746802643756	0.067797449119538222	0.069281980356055428	0.099938798905810866	0.056881180451541245	0.0091215799397355718
1530000	-53776.346036521456	-590.87547520583337	-44368.593757334616	-8816.8768039810093	0.079309380442564192	0.075919963653212796	0.080916779181017862	0.053293148380963863	0.0087892981092937
1540000	-53783.239445710817	-603.68575559747842	-44359.898494522626	-8819.6551955907125	0.089299180587419494	0.072153453927174385	0.055553548957766319	0.055751869871790719	0.0088592503803750482
1550000	-53712.095785491321	-586.97706746151039	-44328.704581403312	-8796.4141366264957	0.10987850591059509	0.058838750070593027	0.058090542930123799	0.060546252041420466	0.0080858013183000045
1560000	-53829.420947206549	-590.90890822738061	-44422.208818130341	-8816.3032208488294	0.095943177429028678	0.061495555098247154	0.04088144541336014	0.064555028500113021	0.0099870126032813016
1570000	-53863.397371880063	-599.26308287733127	-44445.168120328672	-8818.9661686740583	0.090846156312893972	0.048859497034448127	0.037061309460036926	0.055349253900697844	0.010985533094078993
1580000	-53911.505611997425	-591.99795314265657	-44489.699382690036	-8829.8082761647311	0.095146170263303215	0.039701483181343068	0.052734500410970324	0.054244504963489072	0.011098186914077461
1590000	-53834.900080372681	-569.56841407953686	-44447.146822084207	-8818.1848442089395	0.09239384027511742	0.034510939687652002	0.054808771742884163	0.048105276489411972	0.010647120357680898
1600000	-53852.225024660431	-604.68641343112654	-44426.717709230914	-8820.8209019983915	0.11472323450555579	0.040218315204585693	0.060392455006150238	0.050868918931071351	0.01403376472753157
1610000	-53780.430994004768	-594.60109697604798	-44387.51854236926	-8798.3113546594614	0.10781836351242635	0.026868778797522495	0.055751348610498325	0.0533665364458136	0.013752379201565757
1620000	-53782.886888884888	-584.86415059485398	-44403.029839131101	-8794.9928991589331	0.11657849350316553	0.031170831495007777	0.059418450330881618	0.043223217960508459	0.011852538968750036
1630000	-53853.347747793276	-606.76150966343175	-44430.292800580733	-8816.2934375491095	0.11438220061923907	0.042130323465511321	0.043971551175983947	0.045965363558920488	0.015556859600100203
1640000	-53791.97142723974	-609.25852570412974	-44374.634794334976	-8808.0781072006357	0.14460830456529022	0.036688523254142534	0.045836170685553609	0.042891081095103548	0.017713995248922709
1650000	-53793.786135548107	-596.65672250013654	-44391.305540380825	-8805.823872667148	0.12244422693496947	0.046080581717733472	0.049435375010866249	0.035084109086808465	0.016117647185960184
1660000	-53791.052268195752	-601.95272445574767	-44382.728069215707	-8806.3714745242978	0.14059776427315507	0.049709201055455739	0.053947792897811438	0.042638755497720691	0.019836712277439241
1670000	-53806.180607595314	-599.71133785740108	-44395.892666433807	-8810.5766033041073	0.15978020753151814	0.048499920056319507	0.06229003872360217	0.049728545461858988	0.014731776860941015
1680000	-53744.390060024263	-561.71585950940164	-44386.411510106525	-8796.2626904083372	0.16771093573116555	0.056281176430697931	0.053724629581520134	0.037863786384917351	0.012122962097274271
1690000	-53787.908502733255	-596.27612309777021	-44399.260392617522	-8792.371987017963	0.12536963065109552	0.056948547138334284	0.050426392693427809	0.042310227861764554	0.010516611604431713
1700000	-53793.227150053222	-595.55138599601969	-44397.711367780226	-8799.9643962769769	0.14769984704740258	0.052488925132132866	0.060377432074786984	0.034571180662845397	0.0095423718809728181
1710000	-53783.944514528666	-568.86904254185208	-44424.611327951861	-8790.4641440349515	0.11370274198721926	0.048828445572485363	0.078696338225353227	0.033970818003189608	0.015816697650299257
1720000	-53805.370302949006	-592.69079419549041	-44403.894804754644	-8808.7847039988701	0.11354927498311872	0.035921714372371856	0.066585156374465534	0.030130030817328884	0.019232880834600948
1730000	-53859.860806813005	-594.51803432142367	-44442.732299174924	-8822.6104733166576	0.087099243772156873	0.029253469861183955	0.074341992973722903	0.035653463639695113	0.021446930300671217
1740000	-53826.714131639987	-593.40586160396219	-44425.00695869112	-8808.3013113449051	0.092391908955640825	0.03496706129859091	0.079535700940079279	0.041869455426482183	0.021009917158047262
1750000	-53850.084924253853	-602.45036523139652	-44435.122138395687	-8812.5124206267719	0.068608063935963748	0.025812023691679689	0.0834019603686912	0.053162985538608439	0.029571520980951387
1760000	-53798.365004077059	-593.77534429103628	-44389.194198323166	-8815.3954614628528	0.065616204197674041	0.0269254335393674	0.063894935949158155	0.056930946343294007	0.024473813156886719
1770000	-53800.12742979249	-612.91353866413215	-44375.202129584548	-8812.0117615438066	0.057752264072428602	0.038474052719908204	0.064766378414794795	0.057682499986482748	0.024257449490951846
1780000	-53726.929618707094	-610.62420540650317	-44309.52815497759	-8806.7772583230035	0.064007294053405078	0.026306773267347462	0.076856423367326399	0.06295493964909922	0.019949253114431909
1790000	-53768.751470382405	-601.27226477802731	-44352.185221009939	-8815.293984594442	0.062147587571084004	0.026698895894553553	0.11677323416469113	0.052338525131501258	0.023990827259800628
1800000	-53798.963636795132	-600.89920301771178	-44383.868185522726	-8814.1962482546951	0.054125050420122917	0.02948520950470231	0.082548325190387586	0.042938233157282256	0.038283458777873196
1810000	-53733.043530632734	-596.55117285361825	-44342.192970407566	-8794.2993873715532	0.049134702052951895	0.027343352579983288	0.090152401106709357	0.052809124801053542	0.044830318888400153
1820000	-53662.116442052007	-618.87805746577953	-44257.398636783917	-8785.8397478023107	0.059412588009370992	0.027049956975121324	0.077845094649838145	0.050746320448329531	0.066111583583337186
1830000	-53658.414938905109	-601.80053047378317	-44269.188488745705	-8787.4259196856219	0.085286692906005573	0.038855792721939716	0.091158478554050473	0.071649859688374812	0.073198865215605077
1840000	-53704.309809088925	-581.64943572377388	-44331.342412658138	-8791.3179607070124	0.078090746459964097	0.039273177080975837	0.099757200097034662	0.084159915100573496	0.050533644580779843
1850000	-53733.443304633191	-604.83381780943193	-44334.839921451661	-8793.7695653720948	0.087338306181400066	0.031941685058145361	0.071106543350941798	0.098456419182803165	0.049342976820231498
1860000	-53771.852598579724	-595.83046993641756	-44382.370305169563	-8793.651823473745	0.089433855153247491	0.034989998739207336	0.10323413451618613	0.123021053253267	0.045283253050258876
1870000	-53771.597965055546	-583.70863208756771	-44385.404949473181	-8802.4843834947969	0.064441396540686355	0.028918583453033015	0.088523049806997781	0.12707977500173498	0.049034512990766631
1880000	-53816.5114758044	-626.17580210249855	-44392.572858283995	-8797.7628154179038	0.052524516591347194	0.02685798851893843	0.13804072494105923	0.09942867647942745	0.062916574743237946
1890000	-53807.720623787725	-572.96125868955187	-44438.62239028894	-8796.1369748092329	0.065710490391611961	0.037387440268785634	0.1416143082333593	0.08122784794767697	0.074530399122602467
1900000	-53891.57825894111	-605.19505430429263	-44467.401378533665	-8818.9818261031542	0.069274030677879003	0.033530127116667113	0.16599787426714002	0.083398961970238203	0.082665229770936502
1910000	-53849.971566835113	-587.14128252236378	-44450.329421758113	-8812.5008625546325	0.074376098971859705	0.054040865498583869	0.14539554357738627	0.077984349412390089	0.11847128569880758
1920000	-53728.060278057463	-602.93201978125308	-44327.811122786101	-8797.317135490106	0.076143736183175215	0.052151295130044038	0.12340701715390892	0.060200179326398463	0.11937710084070367
1930000	-53761.018912583648	-591.9218020329896	-44372.865995939697	-8796.2311146109641	0.090610818746922436	0.05210382251656439	0.095632203843536462	0.07808854741393477	0.10435900761998686
1940000	-53798.859356445049	-598.16693274140812	-44388.981549124714	-8811.7108745789301	0.080818902212274182	0.04212863388165649	0.087173509979158972	0.075803661134750108	0.11244357492876209
1950000	-53702.470028699245	-581.78157469250755	-44331.592870388224	-8789.0955836185167	0.064048568537430073	0.057457724191238228	0.11266868831302868	0.066864082311399786	0.12182619301563291
1960000	-53822.707840266849	-585.94095114021377	-44433.20055752866	-8803.5663315979764	0.062755381508037	0.05850093486019619	0.096722310671456022	0.06539602164708197	0.13395807213889757
1970000	-53688.598206335868	-597.46584640770925	-44296.443492437989	-8794.6888674901711	0.054389534957793702	0.054198233695854428	0.099224600470751448	0.061186267921833952	0.15506534423154261
1980000	-53776.90504047944	-575.11034473340192	-44396.969232698691	-8804.8254630473457	0.05665594187370028	0.068823191468323205	0.13273628598966089	0.070888326224613857	0.11443616439780643
1990000	-53733.927274710935	-582.97412056150552	-44345.143878181101	-8805.8092759683277	0.058512325598704472	0.05953066944916343	0.16144869575890877	0.085934365904755297	0.086159978253172509
2000000	-53793.863089380349	-612.28179815512328	-44366.200071829277	-8815.3812193959529	0.061787433621225671	0.05429436037459353	0.094664948305664687	0.096042400246590123	0.07112951316919508
2010000	-53848.458572114054	-594.15007200286243	-44434.127903186833	-8820.1805969243578	0.075103606854558913	0.055631774855290687	0.082313064365749353	0.11117817018593722	0.068877770920216727
2020000	-53873.703221785065	-571.82617835376209	-44485.543154994615	-8816.3338884366894	0.065409826969545559	0.059555376380271176	0.064032649529781355	0.077019066997404365	0.086142643475784542
2030000	-53936.885219508767	-595.5479903215471	-44524.864711822331	-8816.4725173648912	0.062560050958185787	0.071066015402149116	0.052699561805349474	0.074574045753221324	0.11122793392180015
2040000	-53833.867638978722	-611.860420199175	-44415.110698423101	-8806.8965203564439	0.095155944273862009	0.063713178005347565	0.072639218651639498	0.055198309193543287	0.093152308994726887
2050000	-53843.722321542009	-574.84697583554964	-44469.392810445243	-8799.482535261217	0.098987448139268686	0.071895160918134998	0.069015120259741755	0.060170630062475673	0.097488114736060658
2060000	-53880.145102631737	-605.12250596302999	-44472.943400999444	-8802.0791956692628	0.093325978589382574	0.063865233314410824	0.090231613244627543	0.089143765058086452	0.066166228828180781
2070000	-53896.57341184283	-593.29439765819586	-44491.81114348046	-8811.4678707041749	0.13386389998188983	0.046135238451265319	0.086350981356734455	0.08587166835474519	0.075353092202122648
2080000	-53894.396136752148	-600.06875080779139	-44476.843036885475	-8817.4843490588828	0.14479883471919183	0.057592358940432943	0.076555918768260428	0.081386084650620125	0.080405434209734256
2090000	-53933.267189179511	-584.44853186585044	-44531.513818525549	-8817.3048387881136	0.17121401089294025	0.064488524381309462	0.081697713950134296	0.057048094839441149	0.070195924281642744
2100000	-53859.567070645309	-608.53101208494752	-44434.535825329731	-8816.5002332306321	0.15499864952157708	0.077422851861083539	0.072509198872271724	0.05833948415356164	0.07024725173741736
2110000	-53759.480477857665	-585.72563998105682	-44368.569236683623	-8805.1856011929849	0.21714768336411699	0.074006905539631948	0.070270143457810852	0.04532731507795576	0.065988813110079786
2120000	-53781.903096215581	-604.81933439360262	-44381.074838487213	-8796.008923334768	0.26847578363204855	0.079211584764786055	0.060827884549062371	0.051736407453390205	0.044263364800781087
2130000	-53784.716577593827	-601.40351946483929	-44379.759891648217	-8803.5531664807713	0.24101762964116064	0.089729139192567406	0.058898239303720346	0.058828880514954912	0.037774597046725443
2140000	-53784.21181730392	-589.99855045431696	-44396.711290321837	-8797.5019765277684	0.27586091083758013	0.088254969312178341	0.076020201534142087	0.063990492892219641	0.033444426165672683
2150000	-53779.109824488674	-609.54122125775689	-44363.153628963111	-8806.4149742678055	0.19627357769241391	0.062952355981897426	0.064507021428624675	0.06169092004069298	0.036533980833981058
2160000	-53684.341612511176	-587.47836899714503	-44301.555065545552	-8795.3081779684799	0.1891435324509583	0.0647583818834786	0.077766303996257627	0.054914653398376125	0.028474633947705774
2170000	-53795.435437461456	-583.94653236238526	-44417.350419068913	-8794.138486030155	0.15246292617910559	0.063240528473617996	0.098297431563070387	0.046253385926038573	0.027152967239162846
2180000	-53821.999165922483	-599.64269858721752	-44420.740900004785	-8801.615567330482	0.10396880009894836	0.056899415496098199	0.12384900387482849	0.049983864313631041	0.035334871890986372
2190000	-53878.724454865245	-588.77919125297967	-44485.253944491516	-8804.6913191207495	0.10234480822780281	0.057748839189196467	0.1638635569165276	0.038461166763489756	0.034266543911865378
2200000	-53748.541837030993	-630.4269454637132	-44315.479894976699	-8802.6349965905829	0.085707910960454603	0.060227848137749521	0.15154793202254263	0.036292193250528154	0.034686366024907531
2210000	-53721.123259257321	-594.10738652456803	-44334.180931570336	-8792.8349411624149	0.085918185771518107	0.040511651268209423	0.19985638005612733	0.030013159916951717	0.03542416160917522
2220000	-53692.426217814049	-570.71270820370387	-44326.429201031307	-8795.2843085790373	0.070604879975842763	0.04170080527936125	0.15799770693147783	0.032498446407282375	0.043874568562422597
2230000	-53738.051736409179	-584.2869645246268	-44360.388540831758	-8793.3762310527964	0.084686063715880222	0.041089812549852174	0.14413201966022429	0.043552993319123136	0.040311239307032169
2240000	-53783.499067366138	-588.00241145355028	-44395.660846359991	-8799.8358095525982	0.081065493736616825	0.034333161276071077	0.14200378213178474	0.053988561495264605	0.042169781916191189
2250000	-53762.996657270334	-568.76876542603145	-44394.711217017248	-8799.5166748270567	0.10393974768288756	0.040067612845520316	0.12201408525560661	0.049307752121599657	0.035525115183712687
2260000	-53788.26198335737	-569.04597264243785	-44413.083856970588	-8806.1321537443437	0.134410741534122	0.041943269642835068	0.12343261630088941	0.04258710377356055	0.03361225155240443
2270000	-53784.509815850994	-595.91980650628921	-44380.214412459332	-8808.3755968853729	0.094177699519399832	0.040173700519221645	0.13389212741001127	0.034613387930379699	0.032067342286307067
2280000	-53750.862934511184	-587.62969056495876	-44363.982127170813	-8799.2511167754128	0.11462166022998289	0.035890823545323663	0.082193049830524501	0.03150145912145743	0.034151650937005049
2290000	-53768.163593611222	-597.81818804752561	-44378.329486718329	-8792.015918845369	0.099116508682586021	0.02910410316661672	0.0674600262286532	0.028570202520535132	0.032764737272843437
2300000	-53800.612651426105	-580.03157640023198	-44413.928731327571	-8806.6523436983043	0.15062928645594548	0.027787088827025252	0.062657263841500305	0.028104503844014535	0.039512290229189277
2310000	-53646.803864532099	-590.48960118135426	-44267.436303668786	-8788.8779596819586	0.16417691358990219	0.027493875072518634	0.07543053347489774	0.026393909460618745	0.052052799742208833
2320000	-53652.978766061089	-581.54038676539153	-44284.137937452411	-8787.3004418432829	0.11679878095208532	0.041853465709589081	0.053285161988347457	0.021059222242150014	0.066113086648559596
2330000	-53621.802630893035	-604.53331805282005	-44235.340609944506	-8781.9287028957115	0.15244672135611087	0.031000977523839967	0.054868020336458538	0.019179809450878892	0.06911359262213361
2340000	-53670.874672101148	-591.96638226823904	-44298.367154474516	-8780.5411353583913	0.11544042447722432	0.022639573091765852	0.076227003279033284	0.017376569626556409	0.075070994179022923
2350000	-53684.127476276321	-586.50600976412272	-44303.99496216081	-8793.6265043513849	0.11490941063177203	0.028931272654853957	0.071853545633063232	0.01871389918772268	0.057151555877325719
2360000	-53670.316653775502	-598.6058155228659	-44284.250550669538	-8787.4602875830969	0.0836337942592979	0.02730479615999842	0.059751182673373919	0.020728470052633615	0.041894133215870315
2370000	-53684.875816860615	-618.88503120281882	-44271.335000564097	-8794.6557850937024	0.08637154221608806	0.023025407105971951	0.04321628715543796	0.021790565312453606	0.045410722952570565
2380000	-53754.396285531271	-582.71468275316568	-44372.812313208509	-8798.8692895695931	0.076281311700216653	0.017172987190131366	0.042901118507759704	0.019098131870058183	0.053266092964908612
2390000	-53713.707577457164	-578.20658061318841	-44344.494724686738	-8791.0062721572394	0.067032624325845253	0.017432832201495028	0.044158826884137768	0.018972775004503971	0.05410768337974832
2400000	-53735.715871701221	-586.38019025189737	-44359.600176374122	-8789.7355050752012	0.068298617373121748	0.019304597326625327	0.043559728805775209	0.020173994210045797	0.052081822367346105
2410000	-53775.627816537788	-569.01310570165674	-44418.914042513483	-8787.70066832265	0.044179624288426041	0.016809184526691747	0.049374643867347918	0.018232448225493487	0.056731541540120646
2420000	-53732.091823522576	-585.01725321933509	-44366.523930804193	-8780.5506394990516	0.045229778573734905	0.016918516190708908	0.05443761945668428	0.024876013353654459	0.064802052486009468
2430000	-53727.209786015148	-593.72582608209063	-44342.405046338652	-8791.0789135944069	0.05445469081380528	0.024352073891698387	0.052074949165612713	0.021125029137163069	0.060271286769038514
2440000	-53792.018423649759	-600.24413918031837	-44374.717580705612	-8817.056703763832	0.049106257556585653	0.026143741059575159	0.068006796131650241	0.023558537368163168	0.046234802141974195
2450000	-53770.601572680287	-627.84668211568805	-44337.919568850426	-8804.8353217141703	0.044786395787645178	0.025417915600188207	0.073546342712873664	0.015065028658246439	0.055447942417007193
2460000	-53782.916005990148	-584.35448109363301	-44394.478857398244	-8804.0826674982673	0.05384762602486131	0.026882589042405074	0.08968562322083308	0.016589492923195535	0.053278689780701244
2470000	-53884.068263380737	-590.41977461150032	-44476.742992311789	-8816.9054964574461	0.064929845027725877	0.028671618408176225	0.059652038471632786	0.026956503339884544	0.056291061103282573
2480000	-53866.01462906356	-599.36860326546355	-44451.326332575889	-8815.3196932222054	0.072099631902195982	0.028409236644947485	0.071616984353301855	0.020136719549858965	0.0524198688109144
2490000	-53812.641342675015	-603.34807155880549	-44409.48650013392	-8799.8067709822863	0.057003078473641972	0.023279284027641383	0.072037055861895155	0.020944454079414941	0.059456427755374089
2500000	-53831.585229342687	-599.91745034033147	-44428.545090416381	-8803.1226885859724	0.065647915671958296	0.02286665367946349	0.0740729347679593	0.022846202491774305	0.060795998191334896
2510000	-53804.409167333702	-562.45062170906795	-44434.144392924143	-8807.8141527004918	0.058649972223546336	0.023706759620681975	0.063308799725250109	0.018297698017236089	0.059430138570807527
2520000	-53733.044307287353	-592.41979724935447	-44346.950275736468	-8793.6742343015285	0.077263814939670522	0.017934489521361983	0.062575338365241345	0.021728760480155304	0.065214481657456497
2530000	-53728.575897399118	-593.22078067553116	-44339.922300045168	-8795.432816678418	0.079652242572836054	0.017477589670424887	0.077861698379145541	0.021205880363318778	0.077647261768487408
2540000	-53731.742377229886	-581.70817910394669	-44362.347317013802	-8787.6868811121385	0.076380076424410706	0.017161308540888265	0.092975822392932075	0.020460718636699977	0.059777099222565938
2550000	-53706.38399050427	-579.36470303003262	-44348.986827664587	-8778.0324598096486	0.072100083694238981	0.022264664807897332	0.09205302093739326	0.02433118337809485	0.0573053980533434
2560000	-53816.558970114937	-562.28482842971766	-44460.68349062273	-8793.5906510624918	0.094420428776476897	0.033905328054875603	0.11157457269319043	0.01925364868164	0.05909261942388052
2570000	-53790.413935535158	-581.00022486808757	-44415.745922780938	-8793.6677878861301	0.086552215854310124	0.028067369697300514	0.14021981416852217	0.01740676038593774	0.042211109351996567
2580000	-53737.784433260516	-596.88945053288307	-44349.40182052226	-8791.49316220537	0.10076407036309429	0.026133497276966143	0.13722162743942701	0.015832247741561011	0.032684936814405575
2590000	-53654.624319586786	-571.62128199362087	-44309.344127706856	-8773.6589098863114	0.083791916708980771	0.035573077043210589	0.10182542995766264	0.024727244455817022	0.037284380320259734
2600000	-53712.872139546045	-577.19347426615138	-44345.645895049252	-8790.0327702306386	0.08400417553339258	0.042778838163504612	0.091916541542685429	0.023594645861329307	0.035341253947215934
2610000	-53734.298201763166	-599.6645758751863	-44338.928934809519	-8795.7046910784629	0.085433351512136962	0.050073653922278819	0.080256876932056867	0.01965952981845662	0.050531830964628557
2620000	-53701.408221712867	-581.7288882449858	-44334.467376503555	-8785.2119569643255	0.1073235468156078	0.038955235233546333	0.079370840612791191	0.018718081593640398	0.045069759243028175
2630000	-53629.533976830571	-587.25751761430774	-44264.211386421681	-8778.0650727945831	0.10007990554236577	0.034798044659915109	0.062784644757258729	0.021752562495752668	0.046612086673475675
2640000	-53684.333533494391	-575.10867121606975	-44325.219327819563	-8784.0055344587599	0.091883386948217433	0.035624391089361905	0.065140964302274548	0.018712549504295357	0.044542998100233912
2650000	-53717.87654673231	-585.37050911135532	-44337.466195606292	-8795.0398420146594	0.071132804130956198	0.034489171500238773	0.072084316425506154	0.018901176651918331	0.056666695029535953
2660000	-53752.298672540615	-605.98926931271069	-44345.370948770193	-8800.9384544577115	0.047988139791403789	0.033408714689824766	0.084657016243327665	0.01416702742264722	0.045667938640265623
2670000	-53769.164023636775	-578.76170794149357	-44390.142216283464	-8800.2600994118184	0.038794946695347894	0.040600239833393836	0.092737875922234037	0.015812339764877788	0.050342536003400808
2680000	-53753.328019333872	-595.32337264489604	-44355.739801415169	-8802.2648452738067	0.049964897441635271	0.043745645034024963	0.067614874072076628	0.01832741402153993	0.053187689196088198
2690000	-53771.74732137534	-597.56166559093776	-44371.426556148464	-8802.7590996359359	0.047758736986487998	0.044991566579396507	0.053705135536139335	0.021936281507621832	0.043231348916932075
2700000	-53783.588881690201	-583.43225633754844	-44390.119160437491	-8810.0374649151636	0.048856736264633861	0.058791593366227891	0.062012779300268203	0.018695854419511937	0.044171923497453476
2710000	-53693.213752406846	-603.19744530933224	-44306.923545193669	-8783.0927619038412	0.05024643692071299	0.04711872036576422	0.060359719228019963	0.025396913224827303	0.072571194307228165
2720000	-53693.489597367508	-586.75536437152846	-44323.57076751627	-8783.163465479709	0.050418955004975279	0.04683981052758085	0.056811075647756629	0.02208810739779116	0.069838583770391816
2730000	-53672.314310481488	-599.0855066097638	-44283.83656485087	-8789.3922390208536	0.054390786779349241	0.048054663505695226	0.052498098715192225	0.020092351192881896	0.061723217333081774
2740000	-53685.51303834749	-597.50519390111185	-44295.534937540375	-8792.4729069060049	0.070392830910256637	0.041480185097459044	0.064878766813355818	0.020751968035404553	0.050258710623593258
2750000	-53666.753570932808	-595.25639375201683	-44282.452381058516	-8789.0447961222744	0.083599113013510584	0.027503263935172991	0.060832643120461723	0.025175659108687506	0.042615496557268956
2760000	-53566.687317474447	-611.84428715537558	-44179.641828749634	-8775.2012015694345	0.064636557530984226	0.039642324239375075	0.065422397000211283	0.02060945062152536	0.037675227686247141
2770000	-53610.422323091669	-618.65147005975052	-44212.388942215002	-8779.3819108169191	0.04096118138274963	0.04409030992248706	0.07938530127026272	0.026464557331006444	0.026207826898682219
2780000	-53692.849720267448	-609.95727621516721	-44287.774518461374	-8795.1179255909083	0.033419232321611279	0.053599194022094933	0.086653366060438386	0.027077154132642153	0.026642937044134854
2790000	-53652.678630302908	-594.50311128074441	-44262.57257962595	-8795.6029393962162	0.031138683427376052	0.051655056082071438	0.079877358213870917	0.027957124274114328	0.020065451464497265
2800000	-53541.948179709223	-585.51901164925266	-44189.801448216618	-8766.6277198433527	0.03271757727487206	0.048643687920677393	0.091608289173245885	0.024291328226900593	0.019918567200728206
2810000	-53560.426263892783	-592.08557409281582	-44201.913497625617	-8766.4271921743493	0.044796649039635129	0.044713110529186577	0.099932611430762736	0.023600648966957415	0.020964358966316536
2820000	-53525.917106462606	-605.70813925237269	-44157.504325187416	-8762.7046420228144	0.039083132941113145	0.036335819366681975	0.070233880674730104	0.021353124541928246	0.024655504205365227
2830000	-53555.157559360487	-599.92250504123842	-44178.97300280058	-8776.2620515186718	0.067293403959368059	0.044668633931099253	0.060104828680198237	0.021503999066976531	0.031969313892070701
2840000	-53548.259709926191	-598.9653174698791	-44163.27328200738	-8786.0211104489354	0.081251629668868591	0.060190347749501966	0.048318616380503679	0.029642129733092042	0.030390590789952855
2850000	-53532.001514099058	-584.55143617021326	-44174.556756384234	-8772.8933215446086	0.08027491456781749	0.043866151401333271	0.053270084173597701	0.028711046531792149	0.032474362996107356
2860000	-53614.454182386988	-586.94892535221277	-44234.871517395644	-8792.6337396391318	0.068489437339752574	0.049410342581969843	0.057121994294906435	0.037849509977908223	0.027623610964917278
2870000	-53564.995164930267	-600.56817324660824	-44181.733513389241	-8782.6934782944154	0.075085073828947024	0.044250371643407387	0.067723684146896695	0.044665904589717344	0.033060494884664525
2880000	-53525.424393192981	-576.2401797045469	-44185.261039568191	-8763.9231739202442	0.065632305180558445	0.032684037207233119	0.076059864617585876	0.043742670809523113	0.050235611797056171
2890000	-53551.655332782269	-606.51532745858458	-44167.639997571328	-8777.5000077523582	0.059647277226097355	0.036917636417267155	0.074874452083161833	0.059666933316520079	0.055237426029569575
2900000	-53525.886682959754	-606.68941328539438	-44150.327364211284	-8768.8699054630779	0.072433589107181826	0.03237513679149346	0.076331479602324837	0.057826076987035055	0.051882573680212332
2910000	-53543.227299884908	-591.55562770206052	-44178.93219587901	-8772.7394763038392	0.079697188818467921	0.02774456331577756	0.069960935553862277	0.056853314729322146	0.060312718423454655
2920000	-53550.413213027423	-593.90095577584418	-44194.318806026364	-8762.1934512252119	0.078891987223759827	0.022466214165800514	0.10232127379955724	0.061558477629478678	0.065782827660661056
2930000	-53529.208737463487	-606.1160096955432	-44156.612981731872	-8766.4797460360714	0.078589981305453804	0.020642240979948878	0.093443172862569618	0.053293687734177364	0.080208403841669648
2940000	-53555.704152670827	-594.93925274148035	-44186.739878737659	-8774.0250211916864	0.071297347760798352	0.017766161033622243	0.085077315065395329	0.058243077833116871	0.077850560905663335
2950000	-53621.645257110285	-601.96977161197708	-44232.779987121045	-8786.8954983772637	0.079870799741320858	0.018265992023176976	0.076907304138341515	0.053720461783790217	0.082438117818825735
2960000	-53623.014267706909	-599.37910286191413	-44237.372851458706	-8786.2623133862871	0.10374697534717944	0.016621912066699263	0.092026059900919263	0.063306423991046495	0.087251931595844476
2970000	-53630.110835441934	-578.14049284677776	-44266.612452602567	-8785.3578899925924	0.12822789104354268	0.01839468804448266	0.083692498670182178	0.045099684851010492	0.094803621110272143
2980000	-53617.638041823579	-602.57633702204623	-44236.229370184621	-8778.8323346169127	0.096968524515506721	0.020265777623495022	0.071774440708183951	0.048153524790256474	0.11461085865974266
2990000	-53577.318838078339	-584.81884828619332	-44208.004529256228	-8784.4954605359162	0.096437890737700913	0.021556928378833953	0.053403264887676674	0.043800637613838157	0.12735904930874414
3000000	-53620.553603468754	-582.93017001582575	-44245.15996309762	-8792.4634703553093	0.097740914960164002	0.024647203053813516	0.044133281963022408	0.039753685729790079	0.13588320860057559
3010000	-53603.960300513761	-582.76969120986416	-44244.781507411724	-8776.4091018921754	0.099697748546738782	0.020100301151168898	0.060083251556805939	0.033242405071712354	0.14426706133166142
3020000	-53533.234970507365	-581.54744437044076	-44182.710959010859	-8768.9765671260611	0.074507762829660221	0.023186243766891192	0.092323644746672776	0.03579420583615231	0.17795418038640204
3030000	-53676.463717324223	-573.39073875427937	-44319.727752165621	-8783.3452264043226	0.059513591466010499	0.023178097362442151	0.10276776175893801	0.040146312110353508	0.20580807212909671
3040000	-53614.290723554193	-590.59827822197417	-44240.243109512739	-8783.4493358194813	0.05013470593207954	0.025576180902780649	0.087005377692511862	0.036629603134912765	0.2595073304175658
3050000	-53590.373959122415	-565.20770320570568	-44244.770452845631	-8780.3958030710783	0.062037413381771316	0.017744778373507544	0.072602863823655883	0.0429546922534184	0.28109049336197656
3060000	-53595.037403110851	-590.61731249590048	-44234.082792709625	-8770.3372979053238	0.078179084260104836	0.016369207521484783	0.082462827749290799	0.046670270804379459	0.31862448068190341
3070000	-53702.973367055769	-573.8248605272446	-44339.674331151196	-8789.4741753773269	0.084771076622568636	0.021919122947099152	0.087201324941689848	0.05514693259861133	0.31744836432433465
3080000	-53661.021163709163	-611.96581558057119	-44268.168706978708	-8780.8866411498821	0.096961250311907429	0.020664513168940104	0.086251378431222187	0.045991525440777385	0.24468861469798903
3090000	-53628.824361220366	-594.24279536031349	-44245.570814324397	-8789.0107515356576	0.090999624884638669	0.016288987187370495	0.071749322138221536	0.058588712232209239	0.32173715199170988
3100000	-53691.676767622572	-578.85207191632207	-44309.165178098476	-8803.6595176077753	0.087995291317494784	0.018486659264620554	0.072084899493984153	0.066026697210482738	0.29893946113317105
3110000	-53659.796776118215	-588.72922292412602	-44280.032202979724	-8791.0353502143626	0.057847641062049426	0.017173894590390568	0.088130147679694473	0.047980386520287625	0.34661808217165463
3120000	-53776.12769137491	-593.90408033067717	-44373.25206990217	-8808.9715411420621	0.045270111698071443	0.015254689993325386	0.086699622232316018	0.047640029981993973	0.37774791294518811
3130000	-53768.10478932265	-596.30587319030428	-44364.443760321708	-8807.3551558106337	0.037641705196746075	0.022030336973908188	0.078573282693885041	0.070906422026706675	0.39040739374309769
3140000	-53757.239655048215	-575.93990536663216	-44379.94779763915	-8801.3519520424306	0.047529294819633958	0.016991004047046458	0.065136121461062055	0.064510195627535474	0.37860183369196698
3150000	-53729.280251966949	-574.6669412565094	-44356.238901913486	-8798.3744087969535	0.055829572022614481	0.018549431026825724	0.057953337609888689	0.069543383491810204	0.3258368215255204
3160000	-53750.507325756487	-592.48410217506489	-44359.674142941134	-8798.3490806402915	0.062704665327734707	0.019444139595598514	0.046590616527036652	0.077896195887294725	0.35320812181466688
3170000	-53725.03422936656	-582.23391717906588	-44348.880638581213	-8793.9196736062804	0.083476028083946996	0.023264702354396778	0.050882336734185615	0.071558203267053977	0.4361775298447208
3180000	-53782.368787931431	-607.33001072576235	-44368.513506139541	-8806.5252710661298	0.08257136090636702	0.014007081267829105	0.048931732841231229	0.058223220999309044	0.36176804224512554
3190000	-53807.759086193044	-561.3794233465386	-44439.015557191065	-8807.3641056554407	0.090234536621148692	0.018830591189690823	0.072872415451290098	0.059502060463955155	0.21280670527022363
